[  2%] Built target ar_interface__cpp
[ 12%] Built target ar_interface__rosidl_generator_c
[ 42%] Built target ar_interface__rosidl_typesupport_cpp
[ 44%] Built target ar_interface__rosidl_typesupport_fastrtps_cpp
[ 44%] Built target ar_interface__rosidl_typesupport_introspection_cpp
[ 68%] Built target ar_interface__rosidl_typesupport_introspection_c
[ 74%] Built target ar_interface__rosidl_typesupport_c
[ 76%] Built target ar_interface__rosidl_typesupport_fastrtps_c
[ 76%] Built target ar_interface
[ 76%] Built target ament_cmake_python_copy_ar_interface
[ 78%] Built target ar_interface__py
[ 87%] Built target ar_interface__rosidl_generator_py
[ 93%] Built target ar_interface__rosidl_typesupport_introspection_c__pyext
[ 97%] Built target ar_interface__rosidl_typesupport_fastrtps_c__pyext
[100%] Built target ar_interface__rosidl_typesupport_c__pyext
running egg_info
writing ar_interface.egg-info/PKG-INFO
writing dependency_links to ar_interface.egg-info/dependency_links.txt
writing top-level names to ar_interface.egg-info/top_level.txt
reading manifest file 'ar_interface.egg-info/SOURCES.txt'
writing manifest file 'ar_interface.egg-info/SOURCES.txt'
[100%] Built target ament_cmake_python_build_ar_interface_egg
-- Install configuration: ""
-- Installing: /home/ex22544/coursework/install/ar_interface/share/ament_index/resource_index/rosidl_interfaces/ar_interface
-- Installing: /home/ex22544/coursework/install/ar_interface/include/ar_interface/ar_interface
-- Installing: /home/ex22544/coursework/install/ar_interface/include/ar_interface/ar_interface/msg
-- Installing: /home/ex22544/coursework/install/ar_interface/include/ar_interface/ar_interface/msg/cubic_traj_params.h
-- Installing: /home/ex22544/coursework/install/ar_interface/include/ar_interface/ar_interface/msg/rosidl_generator_c__visibility_control.h
-- Installing: /home/ex22544/coursework/install/ar_interface/include/ar_interface/ar_interface/msg/detail
-- Installing: /home/ex22544/coursework/install/ar_interface/include/ar_interface/ar_interface/msg/detail/cubic_traj_params__functions.c
-- Installing: /home/ex22544/coursework/install/ar_interface/include/ar_interface/ar_interface/msg/detail/cubic_traj_params__functions.h
-- Installing: /home/ex22544/coursework/install/ar_interface/include/ar_interface/ar_interface/msg/detail/cubic_traj_params__struct.h
-- Installing: /home/ex22544/coursework/install/ar_interface/include/ar_interface/ar_interface/msg/detail/cubic_traj_params__type_support.h
-- Installing: /home/ex22544/coursework/install/ar_interface/include/ar_interface/ar_interface/msg/detail/cubic_traj_coeffs__functions.c
-- Installing: /home/ex22544/coursework/install/ar_interface/include/ar_interface/ar_interface/msg/detail/cubic_traj_coeffs__functions.h
-- Installing: /home/ex22544/coursework/install/ar_interface/include/ar_interface/ar_interface/msg/detail/cubic_traj_coeffs__struct.h
-- Installing: /home/ex22544/coursework/install/ar_interface/include/ar_interface/ar_interface/msg/detail/cubic_traj_coeffs__type_support.h
-- Installing: /home/ex22544/coursework/install/ar_interface/include/ar_interface/ar_interface/msg/cubic_traj_coeffs.h
-- Installing: /home/ex22544/coursework/install/ar_interface/include/ar_interface/ar_interface/srv
-- Installing: /home/ex22544/coursework/install/ar_interface/include/ar_interface/ar_interface/srv/compute_cubic_traj.h
-- Installing: /home/ex22544/coursework/install/ar_interface/include/ar_interface/ar_interface/srv/detail
-- Installing: /home/ex22544/coursework/install/ar_interface/include/ar_interface/ar_interface/srv/detail/compute_cubic_traj__functions.c
-- Installing: /home/ex22544/coursework/install/ar_interface/include/ar_interface/ar_interface/srv/detail/compute_cubic_traj__functions.h
-- Installing: /home/ex22544/coursework/install/ar_interface/include/ar_interface/ar_interface/srv/detail/compute_cubic_traj__struct.h
-- Installing: /home/ex22544/coursework/install/ar_interface/include/ar_interface/ar_interface/srv/detail/compute_cubic_traj__type_support.h
-- Installing: /home/ex22544/coursework/install/ar_interface/share/ar_interface/environment/library_path.sh
-- Installing: /home/ex22544/coursework/install/ar_interface/share/ar_interface/environment/library_path.dsv
-- Installing: /home/ex22544/coursework/install/ar_interface/lib/libar_interface__rosidl_generator_c.so
-- Set runtime path of "/home/ex22544/coursework/install/ar_interface/lib/libar_interface__rosidl_generator_c.so" to ""
-- Up-to-date: /home/ex22544/coursework/install/ar_interface/include/ar_interface/ar_interface
-- Up-to-date: /home/ex22544/coursework/install/ar_interface/include/ar_interface/ar_interface/msg
-- Up-to-date: /home/ex22544/coursework/install/ar_interface/include/ar_interface/ar_interface/msg/detail
-- Installing: /home/ex22544/coursework/install/ar_interface/include/ar_interface/ar_interface/msg/detail/cubic_traj_params__rosidl_typesupport_fastrtps_c.h
-- Installing: /home/ex22544/coursework/install/ar_interface/include/ar_interface/ar_interface/msg/detail/cubic_traj_coeffs__rosidl_typesupport_fastrtps_c.h
-- Installing: /home/ex22544/coursework/install/ar_interface/include/ar_interface/ar_interface/msg/rosidl_typesupport_fastrtps_c__visibility_control.h
-- Up-to-date: /home/ex22544/coursework/install/ar_interface/include/ar_interface/ar_interface/srv
-- Up-to-date: /home/ex22544/coursework/install/ar_interface/include/ar_interface/ar_interface/srv/detail
-- Installing: /home/ex22544/coursework/install/ar_interface/include/ar_interface/ar_interface/srv/detail/compute_cubic_traj__rosidl_typesupport_fastrtps_c.h
-- Installing: /home/ex22544/coursework/install/ar_interface/lib/libar_interface__rosidl_typesupport_fastrtps_c.so
-- Set runtime path of "/home/ex22544/coursework/install/ar_interface/lib/libar_interface__rosidl_typesupport_fastrtps_c.so" to ""
-- Up-to-date: /home/ex22544/coursework/install/ar_interface/include/ar_interface/ar_interface
-- Up-to-date: /home/ex22544/coursework/install/ar_interface/include/ar_interface/ar_interface/msg
-- Up-to-date: /home/ex22544/coursework/install/ar_interface/include/ar_interface/ar_interface/msg/detail
-- Installing: /home/ex22544/coursework/install/ar_interface/include/ar_interface/ar_interface/msg/detail/cubic_traj_params__rosidl_typesupport_introspection_c.h
-- Installing: /home/ex22544/coursework/install/ar_interface/include/ar_interface/ar_interface/msg/detail/cubic_traj_params__type_support.c
-- Installing: /home/ex22544/coursework/install/ar_interface/include/ar_interface/ar_interface/msg/detail/cubic_traj_coeffs__rosidl_typesupport_introspection_c.h
-- Installing: /home/ex22544/coursework/install/ar_interface/include/ar_interface/ar_interface/msg/detail/cubic_traj_coeffs__type_support.c
-- Installing: /home/ex22544/coursework/install/ar_interface/include/ar_interface/ar_interface/msg/rosidl_typesupport_introspection_c__visibility_control.h
-- Up-to-date: /home/ex22544/coursework/install/ar_interface/include/ar_interface/ar_interface/srv
-- Up-to-date: /home/ex22544/coursework/install/ar_interface/include/ar_interface/ar_interface/srv/detail
-- Installing: /home/ex22544/coursework/install/ar_interface/include/ar_interface/ar_interface/srv/detail/compute_cubic_traj__rosidl_typesupport_introspection_c.h
-- Installing: /home/ex22544/coursework/install/ar_interface/include/ar_interface/ar_interface/srv/detail/compute_cubic_traj__type_support.c
-- Installing: /home/ex22544/coursework/install/ar_interface/lib/libar_interface__rosidl_typesupport_introspection_c.so
-- Set runtime path of "/home/ex22544/coursework/install/ar_interface/lib/libar_interface__rosidl_typesupport_introspection_c.so" to ""
-- Installing: /home/ex22544/coursework/install/ar_interface/lib/libar_interface__rosidl_typesupport_c.so
-- Set runtime path of "/home/ex22544/coursework/install/ar_interface/lib/libar_interface__rosidl_typesupport_c.so" to ""
-- Up-to-date: /home/ex22544/coursework/install/ar_interface/include/ar_interface/ar_interface
-- Up-to-date: /home/ex22544/coursework/install/ar_interface/include/ar_interface/ar_interface/msg
-- Installing: /home/ex22544/coursework/install/ar_interface/include/ar_interface/ar_interface/msg/cubic_traj_params.hpp
-- Installing: /home/ex22544/coursework/install/ar_interface/include/ar_interface/ar_interface/msg/rosidl_generator_cpp__visibility_control.hpp
-- Up-to-date: /home/ex22544/coursework/install/ar_interface/include/ar_interface/ar_interface/msg/detail
-- Installing: /home/ex22544/coursework/install/ar_interface/include/ar_interface/ar_interface/msg/detail/cubic_traj_params__builder.hpp
-- Installing: /home/ex22544/coursework/install/ar_interface/include/ar_interface/ar_interface/msg/detail/cubic_traj_params__struct.hpp
-- Installing: /home/ex22544/coursework/install/ar_interface/include/ar_interface/ar_interface/msg/detail/cubic_traj_params__traits.hpp
-- Installing: /home/ex22544/coursework/install/ar_interface/include/ar_interface/ar_interface/msg/detail/cubic_traj_params__type_support.hpp
-- Installing: /home/ex22544/coursework/install/ar_interface/include/ar_interface/ar_interface/msg/detail/cubic_traj_coeffs__builder.hpp
-- Installing: /home/ex22544/coursework/install/ar_interface/include/ar_interface/ar_interface/msg/detail/cubic_traj_coeffs__struct.hpp
-- Installing: /home/ex22544/coursework/install/ar_interface/include/ar_interface/ar_interface/msg/detail/cubic_traj_coeffs__traits.hpp
-- Installing: /home/ex22544/coursework/install/ar_interface/include/ar_interface/ar_interface/msg/detail/cubic_traj_coeffs__type_support.hpp
-- Installing: /home/ex22544/coursework/install/ar_interface/include/ar_interface/ar_interface/msg/cubic_traj_coeffs.hpp
-- Up-to-date: /home/ex22544/coursework/install/ar_interface/include/ar_interface/ar_interface/srv
-- Installing: /home/ex22544/coursework/install/ar_interface/include/ar_interface/ar_interface/srv/compute_cubic_traj.hpp
-- Up-to-date: /home/ex22544/coursework/install/ar_interface/include/ar_interface/ar_interface/srv/detail
-- Installing: /home/ex22544/coursework/install/ar_interface/include/ar_interface/ar_interface/srv/detail/compute_cubic_traj__builder.hpp
-- Installing: /home/ex22544/coursework/install/ar_interface/include/ar_interface/ar_interface/srv/detail/compute_cubic_traj__struct.hpp
-- Installing: /home/ex22544/coursework/install/ar_interface/include/ar_interface/ar_interface/srv/detail/compute_cubic_traj__traits.hpp
-- Installing: /home/ex22544/coursework/install/ar_interface/include/ar_interface/ar_interface/srv/detail/compute_cubic_traj__type_support.hpp
-- Up-to-date: /home/ex22544/coursework/install/ar_interface/include/ar_interface/ar_interface
-- Up-to-date: /home/ex22544/coursework/install/ar_interface/include/ar_interface/ar_interface/msg
-- Up-to-date: /home/ex22544/coursework/install/ar_interface/include/ar_interface/ar_interface/msg/detail
-- Installing: /home/ex22544/coursework/install/ar_interface/include/ar_interface/ar_interface/msg/detail/cubic_traj_params__rosidl_typesupport_fastrtps_cpp.hpp
-- Installing: /home/ex22544/coursework/install/ar_interface/include/ar_interface/ar_interface/msg/detail/dds_fastrtps
-- Installing: /home/ex22544/coursework/install/ar_interface/include/ar_interface/ar_interface/msg/detail/cubic_traj_coeffs__rosidl_typesupport_fastrtps_cpp.hpp
-- Installing: /home/ex22544/coursework/install/ar_interface/include/ar_interface/ar_interface/msg/rosidl_typesupport_fastrtps_cpp__visibility_control.h
-- Up-to-date: /home/ex22544/coursework/install/ar_interface/include/ar_interface/ar_interface/srv
-- Up-to-date: /home/ex22544/coursework/install/ar_interface/include/ar_interface/ar_interface/srv/detail
-- Installing: /home/ex22544/coursework/install/ar_interface/include/ar_interface/ar_interface/srv/detail/compute_cubic_traj__rosidl_typesupport_fastrtps_cpp.hpp
-- Installing: /home/ex22544/coursework/install/ar_interface/include/ar_interface/ar_interface/srv/detail/dds_fastrtps
-- Installing: /home/ex22544/coursework/install/ar_interface/lib/libar_interface__rosidl_typesupport_fastrtps_cpp.so
-- Set runtime path of "/home/ex22544/coursework/install/ar_interface/lib/libar_interface__rosidl_typesupport_fastrtps_cpp.so" to ""
-- Up-to-date: /home/ex22544/coursework/install/ar_interface/include/ar_interface/ar_interface
-- Up-to-date: /home/ex22544/coursework/install/ar_interface/include/ar_interface/ar_interface/msg
-- Up-to-date: /home/ex22544/coursework/install/ar_interface/include/ar_interface/ar_interface/msg/detail
-- Installing: /home/ex22544/coursework/install/ar_interface/include/ar_interface/ar_interface/msg/detail/cubic_traj_params__rosidl_typesupport_introspection_cpp.hpp
-- Installing: /home/ex22544/coursework/install/ar_interface/include/ar_interface/ar_interface/msg/detail/cubic_traj_params__type_support.cpp
-- Installing: /home/ex22544/coursework/install/ar_interface/include/ar_interface/ar_interface/msg/detail/cubic_traj_coeffs__rosidl_typesupport_introspection_cpp.hpp
-- Installing: /home/ex22544/coursework/install/ar_interface/include/ar_interface/ar_interface/msg/detail/cubic_traj_coeffs__type_support.cpp
-- Up-to-date: /home/ex22544/coursework/install/ar_interface/include/ar_interface/ar_interface/srv
-- Up-to-date: /home/ex22544/coursework/install/ar_interface/include/ar_interface/ar_interface/srv/detail
-- Installing: /home/ex22544/coursework/install/ar_interface/include/ar_interface/ar_interface/srv/detail/compute_cubic_traj__rosidl_typesupport_introspection_cpp.hpp
-- Installing: /home/ex22544/coursework/install/ar_interface/include/ar_interface/ar_interface/srv/detail/compute_cubic_traj__type_support.cpp
-- Installing: /home/ex22544/coursework/install/ar_interface/lib/libar_interface__rosidl_typesupport_introspection_cpp.so
-- Set runtime path of "/home/ex22544/coursework/install/ar_interface/lib/libar_interface__rosidl_typesupport_introspection_cpp.so" to ""
-- Installing: /home/ex22544/coursework/install/ar_interface/lib/libar_interface__rosidl_typesupport_cpp.so
-- Set runtime path of "/home/ex22544/coursework/install/ar_interface/lib/libar_interface__rosidl_typesupport_cpp.so" to ""
-- Installing: /home/ex22544/coursework/install/ar_interface/share/ar_interface/environment/pythonpath.sh
-- Installing: /home/ex22544/coursework/install/ar_interface/share/ar_interface/environment/pythonpath.dsv
-- Installing: /home/ex22544/coursework/install/ar_interface/local/lib/python3.10/dist-packages/ar_interface-0.0.0-py3.10.egg-info
-- Installing: /home/ex22544/coursework/install/ar_interface/local/lib/python3.10/dist-packages/ar_interface-0.0.0-py3.10.egg-info/dependency_links.txt
-- Installing: /home/ex22544/coursework/install/ar_interface/local/lib/python3.10/dist-packages/ar_interface-0.0.0-py3.10.egg-info/PKG-INFO
-- Installing: /home/ex22544/coursework/install/ar_interface/local/lib/python3.10/dist-packages/ar_interface-0.0.0-py3.10.egg-info/top_level.txt
-- Installing: /home/ex22544/coursework/install/ar_interface/local/lib/python3.10/dist-packages/ar_interface-0.0.0-py3.10.egg-info/SOURCES.txt
-- Installing: /home/ex22544/coursework/install/ar_interface/local/lib/python3.10/dist-packages/ar_interface
-- Installing: /home/ex22544/coursework/install/ar_interface/local/lib/python3.10/dist-packages/ar_interface/__init__.py
-- Installing: /home/ex22544/coursework/install/ar_interface/local/lib/python3.10/dist-packages/ar_interface/msg
-- Installing: /home/ex22544/coursework/install/ar_interface/local/lib/python3.10/dist-packages/ar_interface/msg/_cubic_traj_params.py
-- Installing: /home/ex22544/coursework/install/ar_interface/local/lib/python3.10/dist-packages/ar_interface/msg/_cubic_traj_params_s.c
-- Installing: /home/ex22544/coursework/install/ar_interface/local/lib/python3.10/dist-packages/ar_interface/msg/_cubic_traj_coeffs.py
-- Installing: /home/ex22544/coursework/install/ar_interface/local/lib/python3.10/dist-packages/ar_interface/msg/_cubic_traj_coeffs_s.c
-- Installing: /home/ex22544/coursework/install/ar_interface/local/lib/python3.10/dist-packages/ar_interface/msg/__init__.py
-- Installing: /home/ex22544/coursework/install/ar_interface/local/lib/python3.10/dist-packages/ar_interface/srv
-- Installing: /home/ex22544/coursework/install/ar_interface/local/lib/python3.10/dist-packages/ar_interface/srv/_compute_cubic_traj.py
-- Installing: /home/ex22544/coursework/install/ar_interface/local/lib/python3.10/dist-packages/ar_interface/srv/_compute_cubic_traj_s.c
-- Installing: /home/ex22544/coursework/install/ar_interface/local/lib/python3.10/dist-packages/ar_interface/srv/__init__.py
-- Installing: /home/ex22544/coursework/install/ar_interface/local/lib/python3.10/dist-packages/ar_interface/_ar_interface_s.ep.rosidl_typesupport_fastrtps_c.c
-- Installing: /home/ex22544/coursework/install/ar_interface/local/lib/python3.10/dist-packages/ar_interface/_ar_interface_s.ep.rosidl_typesupport_introspection_c.c
-- Installing: /home/ex22544/coursework/install/ar_interface/local/lib/python3.10/dist-packages/ar_interface/_ar_interface_s.ep.rosidl_typesupport_c.c
-- Installing: /home/ex22544/coursework/install/ar_interface/local/lib/python3.10/dist-packages/ar_interface/libar_interface__rosidl_generator_py.so
-- Installing: /home/ex22544/coursework/install/ar_interface/local/lib/python3.10/dist-packages/ar_interface/ar_interface_s__rosidl_typesupport_c.cpython-310-x86_64-linux-gnu.so
-- Installing: /home/ex22544/coursework/install/ar_interface/local/lib/python3.10/dist-packages/ar_interface/ar_interface_s__rosidl_typesupport_introspection_c.cpython-310-x86_64-linux-gnu.so
-- Installing: /home/ex22544/coursework/install/ar_interface/local/lib/python3.10/dist-packages/ar_interface/ar_interface_s__rosidl_typesupport_fastrtps_c.cpython-310-x86_64-linux-gnu.so
Listing '/home/ex22544/coursework/install/ar_interface/local/lib/python3.10/dist-packages/ar_interface'...
Compiling '/home/ex22544/coursework/install/ar_interface/local/lib/python3.10/dist-packages/ar_interface/__init__.py'...
Listing '/home/ex22544/coursework/install/ar_interface/local/lib/python3.10/dist-packages/ar_interface/msg'...
Compiling '/home/ex22544/coursework/install/ar_interface/local/lib/python3.10/dist-packages/ar_interface/msg/__init__.py'...
Compiling '/home/ex22544/coursework/install/ar_interface/local/lib/python3.10/dist-packages/ar_interface/msg/_cubic_traj_coeffs.py'...
Compiling '/home/ex22544/coursework/install/ar_interface/local/lib/python3.10/dist-packages/ar_interface/msg/_cubic_traj_params.py'...
Listing '/home/ex22544/coursework/install/ar_interface/local/lib/python3.10/dist-packages/ar_interface/srv'...
Compiling '/home/ex22544/coursework/install/ar_interface/local/lib/python3.10/dist-packages/ar_interface/srv/__init__.py'...
Compiling '/home/ex22544/coursework/install/ar_interface/local/lib/python3.10/dist-packages/ar_interface/srv/_compute_cubic_traj.py'...
-- Installing: /home/ex22544/coursework/install/ar_interface/local/lib/python3.10/dist-packages/ar_interface/ar_interface_s__rosidl_typesupport_fastrtps_c.cpython-310-x86_64-linux-gnu.so
-- Set runtime path of "/home/ex22544/coursework/install/ar_interface/local/lib/python3.10/dist-packages/ar_interface/ar_interface_s__rosidl_typesupport_fastrtps_c.cpython-310-x86_64-linux-gnu.so" to ""
-- Installing: /home/ex22544/coursework/install/ar_interface/local/lib/python3.10/dist-packages/ar_interface/ar_interface_s__rosidl_typesupport_introspection_c.cpython-310-x86_64-linux-gnu.so
-- Set runtime path of "/home/ex22544/coursework/install/ar_interface/local/lib/python3.10/dist-packages/ar_interface/ar_interface_s__rosidl_typesupport_introspection_c.cpython-310-x86_64-linux-gnu.so" to ""
-- Installing: /home/ex22544/coursework/install/ar_interface/local/lib/python3.10/dist-packages/ar_interface/ar_interface_s__rosidl_typesupport_c.cpython-310-x86_64-linux-gnu.so
-- Set runtime path of "/home/ex22544/coursework/install/ar_interface/local/lib/python3.10/dist-packages/ar_interface/ar_interface_s__rosidl_typesupport_c.cpython-310-x86_64-linux-gnu.so" to ""
-- Installing: /home/ex22544/coursework/install/ar_interface/lib/libar_interface__rosidl_generator_py.so
-- Set runtime path of "/home/ex22544/coursework/install/ar_interface/lib/libar_interface__rosidl_generator_py.so" to ""
-- Installing: /home/ex22544/coursework/install/ar_interface/share/ar_interface/msg/CubicTrajParams.idl
-- Installing: /home/ex22544/coursework/install/ar_interface/share/ar_interface/msg/CubicTrajCoeffs.idl
-- Installing: /home/ex22544/coursework/install/ar_interface/share/ar_interface/srv/ComputeCubicTraj.idl
-- Installing: /home/ex22544/coursework/install/ar_interface/share/ar_interface/msg/CubicTrajParams.msg
-- Installing: /home/ex22544/coursework/install/ar_interface/share/ar_interface/msg/CubicTrajCoeffs.msg
-- Installing: /home/ex22544/coursework/install/ar_interface/share/ar_interface/srv/ComputeCubicTraj.srv
-- Installing: /home/ex22544/coursework/install/ar_interface/share/ar_interface/srv/ComputeCubicTraj_Request.msg
-- Installing: /home/ex22544/coursework/install/ar_interface/share/ar_interface/srv/ComputeCubicTraj_Response.msg
-- Installing: /home/ex22544/coursework/install/ar_interface/share/ament_index/resource_index/package_run_dependencies/ar_interface
-- Installing: /home/ex22544/coursework/install/ar_interface/share/ament_index/resource_index/parent_prefix_path/ar_interface
-- Installing: /home/ex22544/coursework/install/ar_interface/share/ar_interface/environment/ament_prefix_path.sh
-- Installing: /home/ex22544/coursework/install/ar_interface/share/ar_interface/environment/ament_prefix_path.dsv
-- Installing: /home/ex22544/coursework/install/ar_interface/share/ar_interface/environment/path.sh
-- Installing: /home/ex22544/coursework/install/ar_interface/share/ar_interface/environment/path.dsv
-- Installing: /home/ex22544/coursework/install/ar_interface/share/ar_interface/local_setup.bash
-- Installing: /home/ex22544/coursework/install/ar_interface/share/ar_interface/local_setup.sh
-- Installing: /home/ex22544/coursework/install/ar_interface/share/ar_interface/local_setup.zsh
-- Installing: /home/ex22544/coursework/install/ar_interface/share/ar_interface/local_setup.dsv
-- Installing: /home/ex22544/coursework/install/ar_interface/share/ar_interface/package.dsv
-- Installing: /home/ex22544/coursework/install/ar_interface/share/ament_index/resource_index/packages/ar_interface
-- Installing: /home/ex22544/coursework/install/ar_interface/share/ar_interface/cmake/export_ar_interface__rosidl_generator_cExport.cmake
-- Installing: /home/ex22544/coursework/install/ar_interface/share/ar_interface/cmake/export_ar_interface__rosidl_generator_cExport-noconfig.cmake
-- Installing: /home/ex22544/coursework/install/ar_interface/share/ar_interface/cmake/export_ar_interface__rosidl_typesupport_fastrtps_cExport.cmake
-- Installing: /home/ex22544/coursework/install/ar_interface/share/ar_interface/cmake/export_ar_interface__rosidl_typesupport_fastrtps_cExport-noconfig.cmake
-- Installing: /home/ex22544/coursework/install/ar_interface/share/ar_interface/cmake/ar_interface__rosidl_typesupport_introspection_cExport.cmake
-- Installing: /home/ex22544/coursework/install/ar_interface/share/ar_interface/cmake/ar_interface__rosidl_typesupport_introspection_cExport-noconfig.cmake
-- Installing: /home/ex22544/coursework/install/ar_interface/share/ar_interface/cmake/ar_interface__rosidl_typesupport_cExport.cmake
-- Installing: /home/ex22544/coursework/install/ar_interface/share/ar_interface/cmake/ar_interface__rosidl_typesupport_cExport-noconfig.cmake
-- Installing: /home/ex22544/coursework/install/ar_interface/share/ar_interface/cmake/export_ar_interface__rosidl_generator_cppExport.cmake
-- Installing: /home/ex22544/coursework/install/ar_interface/share/ar_interface/cmake/export_ar_interface__rosidl_typesupport_fastrtps_cppExport.cmake
-- Installing: /home/ex22544/coursework/install/ar_interface/share/ar_interface/cmake/export_ar_interface__rosidl_typesupport_fastrtps_cppExport-noconfig.cmake
-- Installing: /home/ex22544/coursework/install/ar_interface/share/ar_interface/cmake/ar_interface__rosidl_typesupport_introspection_cppExport.cmake
-- Installing: /home/ex22544/coursework/install/ar_interface/share/ar_interface/cmake/ar_interface__rosidl_typesupport_introspection_cppExport-noconfig.cmake
-- Installing: /home/ex22544/coursework/install/ar_interface/share/ar_interface/cmake/ar_interface__rosidl_typesupport_cppExport.cmake
-- Installing: /home/ex22544/coursework/install/ar_interface/share/ar_interface/cmake/ar_interface__rosidl_typesupport_cppExport-noconfig.cmake
-- Installing: /home/ex22544/coursework/install/ar_interface/share/ar_interface/cmake/export_ar_interface__rosidl_generator_pyExport.cmake
-- Installing: /home/ex22544/coursework/install/ar_interface/share/ar_interface/cmake/export_ar_interface__rosidl_generator_pyExport-noconfig.cmake
-- Installing: /home/ex22544/coursework/install/ar_interface/share/ar_interface/cmake/rosidl_cmake-extras.cmake
-- Installing: /home/ex22544/coursework/install/ar_interface/share/ar_interface/cmake/ament_cmake_export_include_directories-extras.cmake
-- Installing: /home/ex22544/coursework/install/ar_interface/share/ar_interface/cmake/ament_cmake_export_libraries-extras.cmake
-- Installing: /home/ex22544/coursework/install/ar_interface/share/ar_interface/cmake/ament_cmake_export_targets-extras.cmake
-- Installing: /home/ex22544/coursework/install/ar_interface/share/ar_interface/cmake/rosidl_cmake_export_typesupport_targets-extras.cmake
-- Installing: /home/ex22544/coursework/install/ar_interface/share/ar_interface/cmake/ament_cmake_export_dependencies-extras.cmake
-- Installing: /home/ex22544/coursework/install/ar_interface/share/ar_interface/cmake/rosidl_cmake_export_typesupport_libraries-extras.cmake
-- Installing: /home/ex22544/coursework/install/ar_interface/share/ar_interface/cmake/ar_interfaceConfig.cmake
-- Installing: /home/ex22544/coursework/install/ar_interface/share/ar_interface/cmake/ar_interfaceConfig-version.cmake
-- Installing: /home/ex22544/coursework/install/ar_interface/share/ar_interface/package.xml
