[0.071s] Invoking command in '/home/ex22544/coursework/build/ar_interface': CMAKE_PREFIX_PATH=/opt/ros/humble /usr/bin/cmake --build /home/ex22544/coursework/build/ar_interface -- -j8 -l8
[0.259s] [  2%] Built target ar_interface__cpp
[0.294s] [ 12%] Built target ar_interface__rosidl_generator_c
[0.371s] [ 42%] Built target ar_interface__rosidl_typesupport_cpp
[0.372s] [ 44%] Built target ar_interface__rosidl_typesupport_fastrtps_cpp
[0.374s] [ 44%] Built target ar_interface__rosidl_typesupport_introspection_cpp
[0.416s] [ 68%] Built target ar_interface__rosidl_typesupport_introspection_c
[0.422s] [ 74%] Built target ar_interface__rosidl_typesupport_c
[0.427s] [ 76%] Built target ar_interface__rosidl_typesupport_fastrtps_c
[0.481s] [ 76%] Built target ar_interface
[0.521s] [ 76%] Built target ament_cmake_python_copy_ar_interface
[0.531s] [ 78%] Built target ar_interface__py
[0.627s] [ 87%] Built target ar_interface__rosidl_generator_py
[0.706s] [ 93%] Built target ar_interface__rosidl_typesupport_introspection_c__pyext
[0.717s] [ 97%] Built target ar_interface__rosidl_typesupport_fastrtps_c__pyext
[0.718s] [100%] Built target ar_interface__rosidl_typesupport_c__pyext
[0.998s] running egg_info
[1.039s] writing ar_interface.egg-info/PKG-INFO
[1.048s] writing dependency_links to ar_interface.egg-info/dependency_links.txt
[1.055s] writing top-level names to ar_interface.egg-info/top_level.txt
[1.436s] reading manifest file 'ar_interface.egg-info/SOURCES.txt'
[1.439s] writing manifest file 'ar_interface.egg-info/SOURCES.txt'
[1.498s] [100%] Built target ament_cmake_python_build_ar_interface_egg
[1.596s] Invoked command in '/home/ex22544/coursework/build/ar_interface' returned '0': CMAKE_PREFIX_PATH=/opt/ros/humble /usr/bin/cmake --build /home/ex22544/coursework/build/ar_interface -- -j8 -l8
[1.621s] Invoking command in '/home/ex22544/coursework/build/ar_interface': CMAKE_PREFIX_PATH=/opt/ros/humble /usr/bin/cmake --install /home/ex22544/coursework/build/ar_interface
[1.637s] -- Install configuration: ""
[1.647s] -- Installing: /home/ex22544/coursework/install/ar_interface/share/ament_index/resource_index/rosidl_interfaces/ar_interface
[1.661s] -- Installing: /home/ex22544/coursework/install/ar_interface/include/ar_interface/ar_interface
[1.673s] -- Installing: /home/ex22544/coursework/install/ar_interface/include/ar_interface/ar_interface/msg
[1.682s] -- Installing: /home/ex22544/coursework/install/ar_interface/include/ar_interface/ar_interface/msg/cubic_traj_params.h
[1.697s] -- Installing: /home/ex22544/coursework/install/ar_interface/include/ar_interface/ar_interface/msg/rosidl_generator_c__visibility_control.h
[1.713s] -- Installing: /home/ex22544/coursework/install/ar_interface/include/ar_interface/ar_interface/msg/detail
[1.724s] -- Installing: /home/ex22544/coursework/install/ar_interface/include/ar_interface/ar_interface/msg/detail/cubic_traj_params__functions.c
[1.739s] -- Installing: /home/ex22544/coursework/install/ar_interface/include/ar_interface/ar_interface/msg/detail/cubic_traj_params__functions.h
[1.753s] -- Installing: /home/ex22544/coursework/install/ar_interface/include/ar_interface/ar_interface/msg/detail/cubic_traj_params__struct.h
[1.766s] -- Installing: /home/ex22544/coursework/install/ar_interface/include/ar_interface/ar_interface/msg/detail/cubic_traj_params__type_support.h
[1.779s] -- Installing: /home/ex22544/coursework/install/ar_interface/include/ar_interface/ar_interface/msg/detail/cubic_traj_coeffs__functions.c
[1.793s] -- Installing: /home/ex22544/coursework/install/ar_interface/include/ar_interface/ar_interface/msg/detail/cubic_traj_coeffs__functions.h
[1.806s] -- Installing: /home/ex22544/coursework/install/ar_interface/include/ar_interface/ar_interface/msg/detail/cubic_traj_coeffs__struct.h
[1.820s] -- Installing: /home/ex22544/coursework/install/ar_interface/include/ar_interface/ar_interface/msg/detail/cubic_traj_coeffs__type_support.h
[1.834s] -- Installing: /home/ex22544/coursework/install/ar_interface/include/ar_interface/ar_interface/msg/cubic_traj_coeffs.h
[1.848s] -- Installing: /home/ex22544/coursework/install/ar_interface/include/ar_interface/ar_interface/srv
[1.857s] -- Installing: /home/ex22544/coursework/install/ar_interface/include/ar_interface/ar_interface/srv/compute_cubic_traj.h
[1.872s] -- Installing: /home/ex22544/coursework/install/ar_interface/include/ar_interface/ar_interface/srv/detail
[1.880s] -- Installing: /home/ex22544/coursework/install/ar_interface/include/ar_interface/ar_interface/srv/detail/compute_cubic_traj__functions.c
[1.895s] -- Installing: /home/ex22544/coursework/install/ar_interface/include/ar_interface/ar_interface/srv/detail/compute_cubic_traj__functions.h
[1.909s] -- Installing: /home/ex22544/coursework/install/ar_interface/include/ar_interface/ar_interface/srv/detail/compute_cubic_traj__struct.h
[1.923s] -- Installing: /home/ex22544/coursework/install/ar_interface/include/ar_interface/ar_interface/srv/detail/compute_cubic_traj__type_support.h
[1.942s] -- Installing: /home/ex22544/coursework/install/ar_interface/share/ar_interface/environment/library_path.sh
[1.953s] -- Installing: /home/ex22544/coursework/install/ar_interface/share/ar_interface/environment/library_path.dsv
[1.971s] -- Installing: /home/ex22544/coursework/install/ar_interface/lib/libar_interface__rosidl_generator_c.so
[1.992s] -- Set runtime path of "/home/ex22544/coursework/install/ar_interface/lib/libar_interface__rosidl_generator_c.so" to ""
[1.993s] -- Up-to-date: /home/ex22544/coursework/install/ar_interface/include/ar_interface/ar_interface
[1.996s] -- Up-to-date: /home/ex22544/coursework/install/ar_interface/include/ar_interface/ar_interface/msg
[1.998s] -- Up-to-date: /home/ex22544/coursework/install/ar_interface/include/ar_interface/ar_interface/msg/detail
[2.001s] -- Installing: /home/ex22544/coursework/install/ar_interface/include/ar_interface/ar_interface/msg/detail/cubic_traj_params__rosidl_typesupport_fastrtps_c.h
[2.015s] -- Installing: /home/ex22544/coursework/install/ar_interface/include/ar_interface/ar_interface/msg/detail/cubic_traj_coeffs__rosidl_typesupport_fastrtps_c.h
[2.029s] -- Installing: /home/ex22544/coursework/install/ar_interface/include/ar_interface/ar_interface/msg/rosidl_typesupport_fastrtps_c__visibility_control.h
[2.042s] -- Up-to-date: /home/ex22544/coursework/install/ar_interface/include/ar_interface/ar_interface/srv
[2.045s] -- Up-to-date: /home/ex22544/coursework/install/ar_interface/include/ar_interface/ar_interface/srv/detail
[2.047s] -- Installing: /home/ex22544/coursework/install/ar_interface/include/ar_interface/ar_interface/srv/detail/compute_cubic_traj__rosidl_typesupport_fastrtps_c.h
[2.064s] -- Installing: /home/ex22544/coursework/install/ar_interface/lib/libar_interface__rosidl_typesupport_fastrtps_c.so
[2.085s] -- Set runtime path of "/home/ex22544/coursework/install/ar_interface/lib/libar_interface__rosidl_typesupport_fastrtps_c.so" to ""
[2.085s] -- Up-to-date: /home/ex22544/coursework/install/ar_interface/include/ar_interface/ar_interface
[2.089s] -- Up-to-date: /home/ex22544/coursework/install/ar_interface/include/ar_interface/ar_interface/msg
[2.092s] -- Up-to-date: /home/ex22544/coursework/install/ar_interface/include/ar_interface/ar_interface/msg/detail
[2.095s] -- Installing: /home/ex22544/coursework/install/ar_interface/include/ar_interface/ar_interface/msg/detail/cubic_traj_params__rosidl_typesupport_introspection_c.h
[2.108s] -- Installing: /home/ex22544/coursework/install/ar_interface/include/ar_interface/ar_interface/msg/detail/cubic_traj_params__type_support.c
[2.122s] -- Installing: /home/ex22544/coursework/install/ar_interface/include/ar_interface/ar_interface/msg/detail/cubic_traj_coeffs__rosidl_typesupport_introspection_c.h
[2.135s] -- Installing: /home/ex22544/coursework/install/ar_interface/include/ar_interface/ar_interface/msg/detail/cubic_traj_coeffs__type_support.c
[2.148s] -- Installing: /home/ex22544/coursework/install/ar_interface/include/ar_interface/ar_interface/msg/rosidl_typesupport_introspection_c__visibility_control.h
[2.161s] -- Up-to-date: /home/ex22544/coursework/install/ar_interface/include/ar_interface/ar_interface/srv
[2.164s] -- Up-to-date: /home/ex22544/coursework/install/ar_interface/include/ar_interface/ar_interface/srv/detail
[2.166s] -- Installing: /home/ex22544/coursework/install/ar_interface/include/ar_interface/ar_interface/srv/detail/compute_cubic_traj__rosidl_typesupport_introspection_c.h
[2.181s] -- Installing: /home/ex22544/coursework/install/ar_interface/include/ar_interface/ar_interface/srv/detail/compute_cubic_traj__type_support.c
[2.196s] -- Installing: /home/ex22544/coursework/install/ar_interface/lib/libar_interface__rosidl_typesupport_introspection_c.so
[2.217s] -- Set runtime path of "/home/ex22544/coursework/install/ar_interface/lib/libar_interface__rosidl_typesupport_introspection_c.so" to ""
[2.219s] -- Installing: /home/ex22544/coursework/install/ar_interface/lib/libar_interface__rosidl_typesupport_c.so
[2.239s] -- Set runtime path of "/home/ex22544/coursework/install/ar_interface/lib/libar_interface__rosidl_typesupport_c.so" to ""
[2.240s] -- Up-to-date: /home/ex22544/coursework/install/ar_interface/include/ar_interface/ar_interface
[2.243s] -- Up-to-date: /home/ex22544/coursework/install/ar_interface/include/ar_interface/ar_interface/msg
[2.246s] -- Installing: /home/ex22544/coursework/install/ar_interface/include/ar_interface/ar_interface/msg/cubic_traj_params.hpp
[2.260s] -- Installing: /home/ex22544/coursework/install/ar_interface/include/ar_interface/ar_interface/msg/rosidl_generator_cpp__visibility_control.hpp
[2.272s] -- Up-to-date: /home/ex22544/coursework/install/ar_interface/include/ar_interface/ar_interface/msg/detail
[2.275s] -- Installing: /home/ex22544/coursework/install/ar_interface/include/ar_interface/ar_interface/msg/detail/cubic_traj_params__builder.hpp
[2.290s] -- Installing: /home/ex22544/coursework/install/ar_interface/include/ar_interface/ar_interface/msg/detail/cubic_traj_params__struct.hpp
[2.304s] -- Installing: /home/ex22544/coursework/install/ar_interface/include/ar_interface/ar_interface/msg/detail/cubic_traj_params__traits.hpp
[2.319s] -- Installing: /home/ex22544/coursework/install/ar_interface/include/ar_interface/ar_interface/msg/detail/cubic_traj_params__type_support.hpp
[2.335s] -- Installing: /home/ex22544/coursework/install/ar_interface/include/ar_interface/ar_interface/msg/detail/cubic_traj_coeffs__builder.hpp
[2.349s] -- Installing: /home/ex22544/coursework/install/ar_interface/include/ar_interface/ar_interface/msg/detail/cubic_traj_coeffs__struct.hpp
[2.366s] -- Installing: /home/ex22544/coursework/install/ar_interface/include/ar_interface/ar_interface/msg/detail/cubic_traj_coeffs__traits.hpp
[2.380s] -- Installing: /home/ex22544/coursework/install/ar_interface/include/ar_interface/ar_interface/msg/detail/cubic_traj_coeffs__type_support.hpp
[2.396s] -- Installing: /home/ex22544/coursework/install/ar_interface/include/ar_interface/ar_interface/msg/cubic_traj_coeffs.hpp
[2.410s] -- Up-to-date: /home/ex22544/coursework/install/ar_interface/include/ar_interface/ar_interface/srv
[2.414s] -- Installing: /home/ex22544/coursework/install/ar_interface/include/ar_interface/ar_interface/srv/compute_cubic_traj.hpp
[2.429s] -- Up-to-date: /home/ex22544/coursework/install/ar_interface/include/ar_interface/ar_interface/srv/detail
[2.432s] -- Installing: /home/ex22544/coursework/install/ar_interface/include/ar_interface/ar_interface/srv/detail/compute_cubic_traj__builder.hpp
[2.448s] -- Installing: /home/ex22544/coursework/install/ar_interface/include/ar_interface/ar_interface/srv/detail/compute_cubic_traj__struct.hpp
[2.464s] -- Installing: /home/ex22544/coursework/install/ar_interface/include/ar_interface/ar_interface/srv/detail/compute_cubic_traj__traits.hpp
[2.478s] -- Installing: /home/ex22544/coursework/install/ar_interface/include/ar_interface/ar_interface/srv/detail/compute_cubic_traj__type_support.hpp
[2.493s] -- Up-to-date: /home/ex22544/coursework/install/ar_interface/include/ar_interface/ar_interface
[2.496s] -- Up-to-date: /home/ex22544/coursework/install/ar_interface/include/ar_interface/ar_interface/msg
[2.500s] -- Up-to-date: /home/ex22544/coursework/install/ar_interface/include/ar_interface/ar_interface/msg/detail
[2.505s] -- Installing: /home/ex22544/coursework/install/ar_interface/include/ar_interface/ar_interface/msg/detail/cubic_traj_params__rosidl_typesupport_fastrtps_cpp.hpp
[2.520s] -- Installing: /home/ex22544/coursework/install/ar_interface/include/ar_interface/ar_interface/msg/detail/dds_fastrtps
[2.530s] -- Installing: /home/ex22544/coursework/install/ar_interface/include/ar_interface/ar_interface/msg/detail/cubic_traj_coeffs__rosidl_typesupport_fastrtps_cpp.hpp
[2.544s] -- Installing: /home/ex22544/coursework/install/ar_interface/include/ar_interface/ar_interface/msg/rosidl_typesupport_fastrtps_cpp__visibility_control.h
[2.561s] -- Up-to-date: /home/ex22544/coursework/install/ar_interface/include/ar_interface/ar_interface/srv
[2.565s] -- Up-to-date: /home/ex22544/coursework/install/ar_interface/include/ar_interface/ar_interface/srv/detail
[2.569s] -- Installing: /home/ex22544/coursework/install/ar_interface/include/ar_interface/ar_interface/srv/detail/compute_cubic_traj__rosidl_typesupport_fastrtps_cpp.hpp
[2.584s] -- Installing: /home/ex22544/coursework/install/ar_interface/include/ar_interface/ar_interface/srv/detail/dds_fastrtps
[2.593s] -- Installing: /home/ex22544/coursework/install/ar_interface/lib/libar_interface__rosidl_typesupport_fastrtps_cpp.so
[2.614s] -- Set runtime path of "/home/ex22544/coursework/install/ar_interface/lib/libar_interface__rosidl_typesupport_fastrtps_cpp.so" to ""
[2.615s] -- Up-to-date: /home/ex22544/coursework/install/ar_interface/include/ar_interface/ar_interface
[2.618s] -- Up-to-date: /home/ex22544/coursework/install/ar_interface/include/ar_interface/ar_interface/msg
[2.621s] -- Up-to-date: /home/ex22544/coursework/install/ar_interface/include/ar_interface/ar_interface/msg/detail
[2.624s] -- Installing: /home/ex22544/coursework/install/ar_interface/include/ar_interface/ar_interface/msg/detail/cubic_traj_params__rosidl_typesupport_introspection_cpp.hpp
[2.638s] -- Installing: /home/ex22544/coursework/install/ar_interface/include/ar_interface/ar_interface/msg/detail/cubic_traj_params__type_support.cpp
[2.654s] -- Installing: /home/ex22544/coursework/install/ar_interface/include/ar_interface/ar_interface/msg/detail/cubic_traj_coeffs__rosidl_typesupport_introspection_cpp.hpp
[2.666s] -- Installing: /home/ex22544/coursework/install/ar_interface/include/ar_interface/ar_interface/msg/detail/cubic_traj_coeffs__type_support.cpp
[2.679s] -- Up-to-date: /home/ex22544/coursework/install/ar_interface/include/ar_interface/ar_interface/srv
[2.682s] -- Up-to-date: /home/ex22544/coursework/install/ar_interface/include/ar_interface/ar_interface/srv/detail
[2.685s] -- Installing: /home/ex22544/coursework/install/ar_interface/include/ar_interface/ar_interface/srv/detail/compute_cubic_traj__rosidl_typesupport_introspection_cpp.hpp
[2.698s] -- Installing: /home/ex22544/coursework/install/ar_interface/include/ar_interface/ar_interface/srv/detail/compute_cubic_traj__type_support.cpp
[2.712s] -- Installing: /home/ex22544/coursework/install/ar_interface/lib/libar_interface__rosidl_typesupport_introspection_cpp.so
[2.731s] -- Set runtime path of "/home/ex22544/coursework/install/ar_interface/lib/libar_interface__rosidl_typesupport_introspection_cpp.so" to ""
[2.733s] -- Installing: /home/ex22544/coursework/install/ar_interface/lib/libar_interface__rosidl_typesupport_cpp.so
[2.753s] -- Set runtime path of "/home/ex22544/coursework/install/ar_interface/lib/libar_interface__rosidl_typesupport_cpp.so" to ""
[2.755s] -- Installing: /home/ex22544/coursework/install/ar_interface/share/ar_interface/environment/pythonpath.sh
[2.770s] -- Installing: /home/ex22544/coursework/install/ar_interface/share/ar_interface/environment/pythonpath.dsv
[2.782s] -- Installing: /home/ex22544/coursework/install/ar_interface/local/lib/python3.10/dist-packages/ar_interface-0.0.0-py3.10.egg-info
[2.795s] -- Installing: /home/ex22544/coursework/install/ar_interface/local/lib/python3.10/dist-packages/ar_interface-0.0.0-py3.10.egg-info/dependency_links.txt
[2.808s] -- Installing: /home/ex22544/coursework/install/ar_interface/local/lib/python3.10/dist-packages/ar_interface-0.0.0-py3.10.egg-info/PKG-INFO
[2.820s] -- Installing: /home/ex22544/coursework/install/ar_interface/local/lib/python3.10/dist-packages/ar_interface-0.0.0-py3.10.egg-info/top_level.txt
[2.834s] -- Installing: /home/ex22544/coursework/install/ar_interface/local/lib/python3.10/dist-packages/ar_interface-0.0.0-py3.10.egg-info/SOURCES.txt
[2.847s] -- Installing: /home/ex22544/coursework/install/ar_interface/local/lib/python3.10/dist-packages/ar_interface
[2.857s] -- Installing: /home/ex22544/coursework/install/ar_interface/local/lib/python3.10/dist-packages/ar_interface/__init__.py
[2.875s] -- Installing: /home/ex22544/coursework/install/ar_interface/local/lib/python3.10/dist-packages/ar_interface/msg
[2.884s] -- Installing: /home/ex22544/coursework/install/ar_interface/local/lib/python3.10/dist-packages/ar_interface/msg/_cubic_traj_params.py
[2.898s] -- Installing: /home/ex22544/coursework/install/ar_interface/local/lib/python3.10/dist-packages/ar_interface/msg/_cubic_traj_params_s.c
[2.911s] -- Installing: /home/ex22544/coursework/install/ar_interface/local/lib/python3.10/dist-packages/ar_interface/msg/_cubic_traj_coeffs.py
[2.924s] -- Installing: /home/ex22544/coursework/install/ar_interface/local/lib/python3.10/dist-packages/ar_interface/msg/_cubic_traj_coeffs_s.c
[2.938s] -- Installing: /home/ex22544/coursework/install/ar_interface/local/lib/python3.10/dist-packages/ar_interface/msg/__init__.py
[2.951s] -- Installing: /home/ex22544/coursework/install/ar_interface/local/lib/python3.10/dist-packages/ar_interface/srv
[2.961s] -- Installing: /home/ex22544/coursework/install/ar_interface/local/lib/python3.10/dist-packages/ar_interface/srv/_compute_cubic_traj.py
[2.975s] -- Installing: /home/ex22544/coursework/install/ar_interface/local/lib/python3.10/dist-packages/ar_interface/srv/_compute_cubic_traj_s.c
[2.989s] -- Installing: /home/ex22544/coursework/install/ar_interface/local/lib/python3.10/dist-packages/ar_interface/srv/__init__.py
[3.003s] -- Installing: /home/ex22544/coursework/install/ar_interface/local/lib/python3.10/dist-packages/ar_interface/_ar_interface_s.ep.rosidl_typesupport_fastrtps_c.c
[3.016s] -- Installing: /home/ex22544/coursework/install/ar_interface/local/lib/python3.10/dist-packages/ar_interface/_ar_interface_s.ep.rosidl_typesupport_introspection_c.c
[3.034s] -- Installing: /home/ex22544/coursework/install/ar_interface/local/lib/python3.10/dist-packages/ar_interface/_ar_interface_s.ep.rosidl_typesupport_c.c
[3.048s] -- Installing: /home/ex22544/coursework/install/ar_interface/local/lib/python3.10/dist-packages/ar_interface/libar_interface__rosidl_generator_py.so
[3.061s] -- Installing: /home/ex22544/coursework/install/ar_interface/local/lib/python3.10/dist-packages/ar_interface/ar_interface_s__rosidl_typesupport_c.cpython-310-x86_64-linux-gnu.so
[3.075s] -- Installing: /home/ex22544/coursework/install/ar_interface/local/lib/python3.10/dist-packages/ar_interface/ar_interface_s__rosidl_typesupport_introspection_c.cpython-310-x86_64-linux-gnu.so
[3.089s] -- Installing: /home/ex22544/coursework/install/ar_interface/local/lib/python3.10/dist-packages/ar_interface/ar_interface_s__rosidl_typesupport_fastrtps_c.cpython-310-x86_64-linux-gnu.so
[3.213s] Listing '/home/ex22544/coursework/install/ar_interface/local/lib/python3.10/dist-packages/ar_interface'...
[3.213s] Compiling '/home/ex22544/coursework/install/ar_interface/local/lib/python3.10/dist-packages/ar_interface/__init__.py'...
[3.214s] Listing '/home/ex22544/coursework/install/ar_interface/local/lib/python3.10/dist-packages/ar_interface/msg'...
[3.214s] Compiling '/home/ex22544/coursework/install/ar_interface/local/lib/python3.10/dist-packages/ar_interface/msg/__init__.py'...
[3.214s] Compiling '/home/ex22544/coursework/install/ar_interface/local/lib/python3.10/dist-packages/ar_interface/msg/_cubic_traj_coeffs.py'...
[3.214s] Compiling '/home/ex22544/coursework/install/ar_interface/local/lib/python3.10/dist-packages/ar_interface/msg/_cubic_traj_params.py'...
[3.214s] Listing '/home/ex22544/coursework/install/ar_interface/local/lib/python3.10/dist-packages/ar_interface/srv'...
[3.214s] Compiling '/home/ex22544/coursework/install/ar_interface/local/lib/python3.10/dist-packages/ar_interface/srv/__init__.py'...
[3.214s] Compiling '/home/ex22544/coursework/install/ar_interface/local/lib/python3.10/dist-packages/ar_interface/srv/_compute_cubic_traj.py'...
[3.230s] -- Installing: /home/ex22544/coursework/install/ar_interface/local/lib/python3.10/dist-packages/ar_interface/ar_interface_s__rosidl_typesupport_fastrtps_c.cpython-310-x86_64-linux-gnu.so
[3.254s] -- Set runtime path of "/home/ex22544/coursework/install/ar_interface/local/lib/python3.10/dist-packages/ar_interface/ar_interface_s__rosidl_typesupport_fastrtps_c.cpython-310-x86_64-linux-gnu.so" to ""
[3.262s] -- Installing: /home/ex22544/coursework/install/ar_interface/local/lib/python3.10/dist-packages/ar_interface/ar_interface_s__rosidl_typesupport_introspection_c.cpython-310-x86_64-linux-gnu.so
[3.284s] -- Set runtime path of "/home/ex22544/coursework/install/ar_interface/local/lib/python3.10/dist-packages/ar_interface/ar_interface_s__rosidl_typesupport_introspection_c.cpython-310-x86_64-linux-gnu.so" to ""
[3.292s] -- Installing: /home/ex22544/coursework/install/ar_interface/local/lib/python3.10/dist-packages/ar_interface/ar_interface_s__rosidl_typesupport_c.cpython-310-x86_64-linux-gnu.so
[3.316s] -- Set runtime path of "/home/ex22544/coursework/install/ar_interface/local/lib/python3.10/dist-packages/ar_interface/ar_interface_s__rosidl_typesupport_c.cpython-310-x86_64-linux-gnu.so" to ""
[3.318s] -- Installing: /home/ex22544/coursework/install/ar_interface/lib/libar_interface__rosidl_generator_py.so
[3.340s] -- Set runtime path of "/home/ex22544/coursework/install/ar_interface/lib/libar_interface__rosidl_generator_py.so" to ""
[3.349s] -- Installing: /home/ex22544/coursework/install/ar_interface/share/ar_interface/msg/CubicTrajParams.idl
[3.365s] -- Installing: /home/ex22544/coursework/install/ar_interface/share/ar_interface/msg/CubicTrajCoeffs.idl
[3.386s] -- Installing: /home/ex22544/coursework/install/ar_interface/share/ar_interface/srv/ComputeCubicTraj.idl
[3.402s] -- Installing: /home/ex22544/coursework/install/ar_interface/share/ar_interface/msg/CubicTrajParams.msg
[3.417s] -- Installing: /home/ex22544/coursework/install/ar_interface/share/ar_interface/msg/CubicTrajCoeffs.msg
[3.432s] -- Installing: /home/ex22544/coursework/install/ar_interface/share/ar_interface/srv/ComputeCubicTraj.srv
[3.447s] -- Installing: /home/ex22544/coursework/install/ar_interface/share/ar_interface/srv/ComputeCubicTraj_Request.msg
[3.462s] -- Installing: /home/ex22544/coursework/install/ar_interface/share/ar_interface/srv/ComputeCubicTraj_Response.msg
[3.486s] -- Installing: /home/ex22544/coursework/install/ar_interface/share/ament_index/resource_index/package_run_dependencies/ar_interface
[3.508s] -- Installing: /home/ex22544/coursework/install/ar_interface/share/ament_index/resource_index/parent_prefix_path/ar_interface
[3.526s] -- Installing: /home/ex22544/coursework/install/ar_interface/share/ar_interface/environment/ament_prefix_path.sh
[3.538s] -- Installing: /home/ex22544/coursework/install/ar_interface/share/ar_interface/environment/ament_prefix_path.dsv
[3.553s] -- Installing: /home/ex22544/coursework/install/ar_interface/share/ar_interface/environment/path.sh
[3.565s] -- Installing: /home/ex22544/coursework/install/ar_interface/share/ar_interface/environment/path.dsv
[3.578s] -- Installing: /home/ex22544/coursework/install/ar_interface/share/ar_interface/local_setup.bash
[3.593s] -- Installing: /home/ex22544/coursework/install/ar_interface/share/ar_interface/local_setup.sh
[3.607s] -- Installing: /home/ex22544/coursework/install/ar_interface/share/ar_interface/local_setup.zsh
[3.621s] -- Installing: /home/ex22544/coursework/install/ar_interface/share/ar_interface/local_setup.dsv
[3.635s] -- Installing: /home/ex22544/coursework/install/ar_interface/share/ar_interface/package.dsv
[3.654s] -- Installing: /home/ex22544/coursework/install/ar_interface/share/ament_index/resource_index/packages/ar_interface
[3.674s] -- Installing: /home/ex22544/coursework/install/ar_interface/share/ar_interface/cmake/export_ar_interface__rosidl_generator_cExport.cmake
[3.691s] -- Installing: /home/ex22544/coursework/install/ar_interface/share/ar_interface/cmake/export_ar_interface__rosidl_generator_cExport-noconfig.cmake
[3.704s] -- Installing: /home/ex22544/coursework/install/ar_interface/share/ar_interface/cmake/export_ar_interface__rosidl_typesupport_fastrtps_cExport.cmake
[3.719s] -- Installing: /home/ex22544/coursework/install/ar_interface/share/ar_interface/cmake/export_ar_interface__rosidl_typesupport_fastrtps_cExport-noconfig.cmake
[3.733s] -- Installing: /home/ex22544/coursework/install/ar_interface/share/ar_interface/cmake/ar_interface__rosidl_typesupport_introspection_cExport.cmake
[3.748s] -- Installing: /home/ex22544/coursework/install/ar_interface/share/ar_interface/cmake/ar_interface__rosidl_typesupport_introspection_cExport-noconfig.cmake
[3.762s] -- Installing: /home/ex22544/coursework/install/ar_interface/share/ar_interface/cmake/ar_interface__rosidl_typesupport_cExport.cmake
[3.776s] -- Installing: /home/ex22544/coursework/install/ar_interface/share/ar_interface/cmake/ar_interface__rosidl_typesupport_cExport-noconfig.cmake
[3.789s] -- Installing: /home/ex22544/coursework/install/ar_interface/share/ar_interface/cmake/export_ar_interface__rosidl_generator_cppExport.cmake
[3.804s] -- Installing: /home/ex22544/coursework/install/ar_interface/share/ar_interface/cmake/export_ar_interface__rosidl_typesupport_fastrtps_cppExport.cmake
[3.817s] -- Installing: /home/ex22544/coursework/install/ar_interface/share/ar_interface/cmake/export_ar_interface__rosidl_typesupport_fastrtps_cppExport-noconfig.cmake
[3.831s] -- Installing: /home/ex22544/coursework/install/ar_interface/share/ar_interface/cmake/ar_interface__rosidl_typesupport_introspection_cppExport.cmake
[3.846s] -- Installing: /home/ex22544/coursework/install/ar_interface/share/ar_interface/cmake/ar_interface__rosidl_typesupport_introspection_cppExport-noconfig.cmake
[3.860s] -- Installing: /home/ex22544/coursework/install/ar_interface/share/ar_interface/cmake/ar_interface__rosidl_typesupport_cppExport.cmake
[3.875s] -- Installing: /home/ex22544/coursework/install/ar_interface/share/ar_interface/cmake/ar_interface__rosidl_typesupport_cppExport-noconfig.cmake
[3.889s] -- Installing: /home/ex22544/coursework/install/ar_interface/share/ar_interface/cmake/export_ar_interface__rosidl_generator_pyExport.cmake
[3.902s] -- Installing: /home/ex22544/coursework/install/ar_interface/share/ar_interface/cmake/export_ar_interface__rosidl_generator_pyExport-noconfig.cmake
[3.917s] -- Installing: /home/ex22544/coursework/install/ar_interface/share/ar_interface/cmake/rosidl_cmake-extras.cmake
[3.930s] -- Installing: /home/ex22544/coursework/install/ar_interface/share/ar_interface/cmake/ament_cmake_export_include_directories-extras.cmake
[3.942s] -- Installing: /home/ex22544/coursework/install/ar_interface/share/ar_interface/cmake/ament_cmake_export_libraries-extras.cmake
[3.955s] -- Installing: /home/ex22544/coursework/install/ar_interface/share/ar_interface/cmake/ament_cmake_export_targets-extras.cmake
[3.968s] -- Installing: /home/ex22544/coursework/install/ar_interface/share/ar_interface/cmake/rosidl_cmake_export_typesupport_targets-extras.cmake
[3.983s] -- Installing: /home/ex22544/coursework/install/ar_interface/share/ar_interface/cmake/ament_cmake_export_dependencies-extras.cmake
[3.997s] -- Installing: /home/ex22544/coursework/install/ar_interface/share/ar_interface/cmake/rosidl_cmake_export_typesupport_libraries-extras.cmake
[4.010s] -- Installing: /home/ex22544/coursework/install/ar_interface/share/ar_interface/cmake/ar_interfaceConfig.cmake
[4.023s] -- Installing: /home/ex22544/coursework/install/ar_interface/share/ar_interface/cmake/ar_interfaceConfig-version.cmake
[4.040s] -- Installing: /home/ex22544/coursework/install/ar_interface/share/ar_interface/package.xml
[4.062s] Invoked command in '/home/ex22544/coursework/build/ar_interface' returned '0': CMAKE_PREFIX_PATH=/opt/ros/humble /usr/bin/cmake --install /home/ex22544/coursework/build/ar_interface
