[0.000000] (-) TimerEvent: {}
[0.000183] (ar_interface) JobQueued: {'identifier': 'ar_interface', 'dependencies': OrderedDict()}
[0.000302] (ar_test) JobQueued: {'identifier': 'ar_test', 'dependencies': OrderedDict([('ar_interface', '/home/ex22544/coursework/install/ar_interface')])}
[0.000340] (ar_interface) JobStarted: {'identifier': 'ar_interface'}
[0.044417] (ar_interface) JobProgress: {'identifier': 'ar_interface', 'progress': 'cmake'}
[0.055791] (ar_interface) JobProgress: {'identifier': 'ar_interface', 'progress': 'build'}
[0.059140] (ar_interface) Command: {'cmd': ['/usr/bin/cmake', '--build', '/home/ex22544/coursework/build/ar_interface', '--', '-j8', '-l8'], 'cwd': '/home/ex22544/coursework/build/ar_interface', 'env': OrderedDict([('USER', 'ex22544'), ('XDG_SESSION_TYPE', 'x11'), ('LAMMPS_POTENTIALS', '/usr/share/lammps/potentials'), ('SHLVL', '1'), ('LD_LIBRARY_PATH', '/opt/ros/humble/opt/rviz_ogre_vendor/lib:/opt/rti.com/rti_connext_dds-6.0.1/lib/x64Linux4gcc7.3.0:/opt/rti.com/rti_connext_dds-6.0.1/bin:/opt/ros/humble/lib/x86_64-linux-gnu:/opt/ros/humble/lib'), ('HOME', '/home/ex22544'), ('DESKTOP_SESSION', 'ubuntu'), ('CONNEXTDDS_DIR', '/opt/rti.com/rti_connext_dds-6.0.1'), ('ROS_PYTHON_VERSION', '3'), ('GNOME_SHELL_SESSION_MODE', 'ubuntu'), ('GTK_MODULES', 'gail:atk-bridge'), ('NDDSHOME', '/opt/rti.com/rti_connext_dds-6.0.1'), ('MODULES_CMD', '/usr/lib/x86_64-linux-gnu/modulecmd.tcl'), ('SYSTEMD_EXEC_PID', '183417'), ('DBUS_SESSION_BUS_ADDRESS', 'unix:path=/run/user/203302214/bus'), ('COLORTERM', 'truecolor'), ('_colcon_cd_root', '/opt/ros/humble/'), ('ROS_DISTRO', 'humble'), ('GTK_IM_MODULE', 'ibus'), ('LOGNAME', 'ex22544'), ('_', '/usr/bin/colcon'), ('ROS_VERSION', '2'), ('XDG_SESSION_CLASS', 'user'), ('USERNAME', 'ex22544'), ('TERM', 'xterm-256color'), ('GNOME_DESKTOP_SESSION_ID', 'this-is-deprecated'), ('ROS_LOCALHOST_ONLY', '0'), ('WINDOWPATH', '2'), ('PATH', '/opt/rti.com/rti_connext_dds-6.0.1/lib/x64Linux4gcc7.3.0:/opt/rti.com/rti_connext_dds-6.0.1/bin:/opt/ros/humble/bin:/usr/local/sbin:/usr/local/bin:/usr/sbin:/usr/bin:/sbin:/bin:/usr/games:/usr/local/games:/snap/bin:/snap/bin:/usr/local/anaconda3/bin:/opt/puppetlabs/bin'), ('SESSION_MANAGER', 'local/cln-tsl-hhyvhp2.qm.ds.qmul.ac.uk:@/tmp/.ICE-unix/131506,unix/cln-tsl-hhyvhp2.qm.ds.qmul.ac.uk:/tmp/.ICE-unix/131506'), ('XDG_MENU_PREFIX', 'gnome-'), ('GNOME_TERMINAL_SCREEN', '/org/gnome/Terminal/screen/aa2ff48b_12c3_4bd1_9a35_9d506b3756d7'), ('XDG_RUNTIME_DIR', '/run/user/203302214'), ('DISPLAY', ':1'), ('LANG', 'en_GB.UTF-8'), ('XDG_CURRENT_DESKTOP', 'ubuntu:GNOME'), ('XMODIFIERS', '@im=ibus'), ('XDG_SESSION_DESKTOP', 'ubuntu'), ('XAUTHORITY', '/run/user/203302214/gdm/Xauthority'), ('GNOME_TERMINAL_SERVICE', ':1.107'), ('SSH_AGENT_LAUNCHER', 'gnome-keyring'), ('SSH_AUTH_SOCK', '/run/user/203302214/keyring/ssh'), ('AMENT_PREFIX_PATH', '/opt/ros/humble'), ('ROS_DOMAIN_ID', '80'), ('SHELL', '/bin/bash'), ('KRB5CCNAME', 'FILE:/tmp/krb5cc_203302214_SccGGy'), ('QT_ACCESSIBILITY', '1'), ('JUPYTER_ALLOW_INSECURE_WRITES', '1'), ('GDMSESSION', 'ubuntu'), ('GPG_AGENT_INFO', '/run/user/203302214/gnupg/S.gpg-agent:0:1'), ('CONNEXTDDS_ARCH', 'x64Linux4gcc7.3.0'), ('QT_IM_MODULE', 'ibus'), ('PWD', '/home/ex22544/coursework/build/ar_interface'), ('LOADEDMODULES', ''), ('LC_ALL', 'en_GB.UTF-8'), ('XDG_CONFIG_DIRS', '/etc/xdg/xdg-ubuntu:/etc/xdg'), ('XDG_DATA_DIRS', '/usr/share/ubuntu:/usr/share/gnome:/usr/local/share/:/usr/share/:/var/lib/snapd/desktop'), ('PYTHONPATH', '/opt/ros/humble/lib/python3.10/site-packages:/opt/ros/humble/local/lib/python3.10/dist-packages'), ('MSI2LMP_LIBRARY', '/usr/share/lammps/frc_files'), ('COLCON', '1'), ('MANPATH', '::/opt/puppetlabs/puppet/share/man'), ('VTE_VERSION', '6800'), ('MODULEPATH', '/etc/environment-modules/modules:/usr/share/modules/versions:/usr/share/modules/$MODULE_VERSION/modulefiles:/usr/share/modules/modulefiles'), ('MODULESHOME', '/usr/share/modules'), ('CMAKE_PREFIX_PATH', '/opt/ros/humble')]), 'shell': False}
[0.098873] (-) TimerEvent: {}
[0.199958] (-) TimerEvent: {}
[0.259323] (ar_interface) StdoutLine: {'line': b'[  2%] Built target ar_interface__cpp\n'}
[0.294368] (ar_interface) StdoutLine: {'line': b'[ 12%] Built target ar_interface__rosidl_generator_c\n'}
[0.300094] (-) TimerEvent: {}
[0.370840] (ar_interface) StdoutLine: {'line': b'[ 42%] Built target ar_interface__rosidl_typesupport_cpp\n'}
[0.372329] (ar_interface) StdoutLine: {'line': b'[ 44%] Built target ar_interface__rosidl_typesupport_fastrtps_cpp\n'}
[0.373955] (ar_interface) StdoutLine: {'line': b'[ 44%] Built target ar_interface__rosidl_typesupport_introspection_cpp\n'}
[0.400244] (-) TimerEvent: {}
[0.416305] (ar_interface) StdoutLine: {'line': b'[ 68%] Built target ar_interface__rosidl_typesupport_introspection_c\n'}
[0.422508] (ar_interface) StdoutLine: {'line': b'[ 74%] Built target ar_interface__rosidl_typesupport_c\n'}
[0.427011] (ar_interface) StdoutLine: {'line': b'[ 76%] Built target ar_interface__rosidl_typesupport_fastrtps_c\n'}
[0.480862] (ar_interface) StdoutLine: {'line': b'[ 76%] Built target ar_interface\n'}
[0.500293] (-) TimerEvent: {}
[0.520969] (ar_interface) StdoutLine: {'line': b'[ 76%] Built target ament_cmake_python_copy_ar_interface\n'}
[0.531413] (ar_interface) StdoutLine: {'line': b'[ 78%] Built target ar_interface__py\n'}
[0.600595] (-) TimerEvent: {}
[0.626967] (ar_interface) StdoutLine: {'line': b'[ 87%] Built target ar_interface__rosidl_generator_py\n'}
[0.700930] (-) TimerEvent: {}
[0.706148] (ar_interface) StdoutLine: {'line': b'[ 93%] Built target ar_interface__rosidl_typesupport_introspection_c__pyext\n'}
[0.715749] (ar_interface) StdoutLine: {'line': b'[ 97%] Built target ar_interface__rosidl_typesupport_fastrtps_c__pyext\n'}
[0.717761] (ar_interface) StdoutLine: {'line': b'[100%] Built target ar_interface__rosidl_typesupport_c__pyext\n'}
[0.800993] (-) TimerEvent: {}
[0.901345] (-) TimerEvent: {}
[0.998401] (ar_interface) StdoutLine: {'line': b'running egg_info\n'}
[1.001402] (-) TimerEvent: {}
[1.039178] (ar_interface) StdoutLine: {'line': b'writing ar_interface.egg-info/PKG-INFO\n'}
[1.047790] (ar_interface) StdoutLine: {'line': b'writing dependency_links to ar_interface.egg-info/dependency_links.txt\n'}
[1.055265] (ar_interface) StdoutLine: {'line': b'writing top-level names to ar_interface.egg-info/top_level.txt\n'}
[1.101540] (-) TimerEvent: {}
[1.201829] (-) TimerEvent: {}
[1.302080] (-) TimerEvent: {}
[1.402589] (-) TimerEvent: {}
[1.435961] (ar_interface) StdoutLine: {'line': b"reading manifest file 'ar_interface.egg-info/SOURCES.txt'\n"}
[1.439670] (ar_interface) StdoutLine: {'line': b"writing manifest file 'ar_interface.egg-info/SOURCES.txt'\n"}
[1.498008] (ar_interface) StdoutLine: {'line': b'[100%] Built target ament_cmake_python_build_ar_interface_egg\n'}
[1.502610] (-) TimerEvent: {}
[1.596381] (ar_interface) CommandEnded: {'returncode': 0}
[1.602765] (-) TimerEvent: {}
[1.603930] (ar_interface) JobProgress: {'identifier': 'ar_interface', 'progress': 'install'}
[1.620502] (ar_interface) Command: {'cmd': ['/usr/bin/cmake', '--install', '/home/ex22544/coursework/build/ar_interface'], 'cwd': '/home/ex22544/coursework/build/ar_interface', 'env': OrderedDict([('USER', 'ex22544'), ('XDG_SESSION_TYPE', 'x11'), ('LAMMPS_POTENTIALS', '/usr/share/lammps/potentials'), ('SHLVL', '1'), ('LD_LIBRARY_PATH', '/opt/ros/humble/opt/rviz_ogre_vendor/lib:/opt/rti.com/rti_connext_dds-6.0.1/lib/x64Linux4gcc7.3.0:/opt/rti.com/rti_connext_dds-6.0.1/bin:/opt/ros/humble/lib/x86_64-linux-gnu:/opt/ros/humble/lib'), ('HOME', '/home/ex22544'), ('DESKTOP_SESSION', 'ubuntu'), ('CONNEXTDDS_DIR', '/opt/rti.com/rti_connext_dds-6.0.1'), ('ROS_PYTHON_VERSION', '3'), ('GNOME_SHELL_SESSION_MODE', 'ubuntu'), ('GTK_MODULES', 'gail:atk-bridge'), ('NDDSHOME', '/opt/rti.com/rti_connext_dds-6.0.1'), ('MODULES_CMD', '/usr/lib/x86_64-linux-gnu/modulecmd.tcl'), ('SYSTEMD_EXEC_PID', '183417'), ('DBUS_SESSION_BUS_ADDRESS', 'unix:path=/run/user/203302214/bus'), ('COLORTERM', 'truecolor'), ('_colcon_cd_root', '/opt/ros/humble/'), ('ROS_DISTRO', 'humble'), ('GTK_IM_MODULE', 'ibus'), ('LOGNAME', 'ex22544'), ('_', '/usr/bin/colcon'), ('ROS_VERSION', '2'), ('XDG_SESSION_CLASS', 'user'), ('USERNAME', 'ex22544'), ('TERM', 'xterm-256color'), ('GNOME_DESKTOP_SESSION_ID', 'this-is-deprecated'), ('ROS_LOCALHOST_ONLY', '0'), ('WINDOWPATH', '2'), ('PATH', '/opt/rti.com/rti_connext_dds-6.0.1/lib/x64Linux4gcc7.3.0:/opt/rti.com/rti_connext_dds-6.0.1/bin:/opt/ros/humble/bin:/usr/local/sbin:/usr/local/bin:/usr/sbin:/usr/bin:/sbin:/bin:/usr/games:/usr/local/games:/snap/bin:/snap/bin:/usr/local/anaconda3/bin:/opt/puppetlabs/bin'), ('SESSION_MANAGER', 'local/cln-tsl-hhyvhp2.qm.ds.qmul.ac.uk:@/tmp/.ICE-unix/131506,unix/cln-tsl-hhyvhp2.qm.ds.qmul.ac.uk:/tmp/.ICE-unix/131506'), ('XDG_MENU_PREFIX', 'gnome-'), ('GNOME_TERMINAL_SCREEN', '/org/gnome/Terminal/screen/aa2ff48b_12c3_4bd1_9a35_9d506b3756d7'), ('XDG_RUNTIME_DIR', '/run/user/203302214'), ('DISPLAY', ':1'), ('LANG', 'en_GB.UTF-8'), ('XDG_CURRENT_DESKTOP', 'ubuntu:GNOME'), ('XMODIFIERS', '@im=ibus'), ('XDG_SESSION_DESKTOP', 'ubuntu'), ('XAUTHORITY', '/run/user/203302214/gdm/Xauthority'), ('GNOME_TERMINAL_SERVICE', ':1.107'), ('SSH_AGENT_LAUNCHER', 'gnome-keyring'), ('SSH_AUTH_SOCK', '/run/user/203302214/keyring/ssh'), ('AMENT_PREFIX_PATH', '/opt/ros/humble'), ('ROS_DOMAIN_ID', '80'), ('SHELL', '/bin/bash'), ('KRB5CCNAME', 'FILE:/tmp/krb5cc_203302214_SccGGy'), ('QT_ACCESSIBILITY', '1'), ('JUPYTER_ALLOW_INSECURE_WRITES', '1'), ('GDMSESSION', 'ubuntu'), ('GPG_AGENT_INFO', '/run/user/203302214/gnupg/S.gpg-agent:0:1'), ('CONNEXTDDS_ARCH', 'x64Linux4gcc7.3.0'), ('QT_IM_MODULE', 'ibus'), ('PWD', '/home/ex22544/coursework/build/ar_interface'), ('LOADEDMODULES', ''), ('LC_ALL', 'en_GB.UTF-8'), ('XDG_CONFIG_DIRS', '/etc/xdg/xdg-ubuntu:/etc/xdg'), ('XDG_DATA_DIRS', '/usr/share/ubuntu:/usr/share/gnome:/usr/local/share/:/usr/share/:/var/lib/snapd/desktop'), ('PYTHONPATH', '/opt/ros/humble/lib/python3.10/site-packages:/opt/ros/humble/local/lib/python3.10/dist-packages'), ('MSI2LMP_LIBRARY', '/usr/share/lammps/frc_files'), ('COLCON', '1'), ('MANPATH', '::/opt/puppetlabs/puppet/share/man'), ('VTE_VERSION', '6800'), ('MODULEPATH', '/etc/environment-modules/modules:/usr/share/modules/versions:/usr/share/modules/$MODULE_VERSION/modulefiles:/usr/share/modules/modulefiles'), ('MODULESHOME', '/usr/share/modules'), ('CMAKE_PREFIX_PATH', '/opt/ros/humble')]), 'shell': False}
[1.637506] (ar_interface) StdoutLine: {'line': b'-- Install configuration: ""\n'}
[1.647350] (ar_interface) StdoutLine: {'line': b'-- Installing: /home/ex22544/coursework/install/ar_interface/share/ament_index/resource_index/rosidl_interfaces/ar_interface\n'}
[1.661001] (ar_interface) StdoutLine: {'line': b'-- Installing: /home/ex22544/coursework/install/ar_interface/include/ar_interface/ar_interface\n'}
[1.673356] (ar_interface) StdoutLine: {'line': b'-- Installing: /home/ex22544/coursework/install/ar_interface/include/ar_interface/ar_interface/msg\n'}
[1.682071] (ar_interface) StdoutLine: {'line': b'-- Installing: /home/ex22544/coursework/install/ar_interface/include/ar_interface/ar_interface/msg/cubic_traj_params.h\n'}
[1.697534] (ar_interface) StdoutLine: {'line': b'-- Installing: /home/ex22544/coursework/install/ar_interface/include/ar_interface/ar_interface/msg/rosidl_generator_c__visibility_control.h\n'}
[1.703216] (-) TimerEvent: {}
[1.713138] (ar_interface) StdoutLine: {'line': b'-- Installing: /home/ex22544/coursework/install/ar_interface/include/ar_interface/ar_interface/msg/detail\n'}
[1.723715] (ar_interface) StdoutLine: {'line': b'-- Installing: /home/ex22544/coursework/install/ar_interface/include/ar_interface/ar_interface/msg/detail/cubic_traj_params__functions.c\n'}
[1.738947] (ar_interface) StdoutLine: {'line': b'-- Installing: /home/ex22544/coursework/install/ar_interface/include/ar_interface/ar_interface/msg/detail/cubic_traj_params__functions.h\n'}
[1.752726] (ar_interface) StdoutLine: {'line': b'-- Installing: /home/ex22544/coursework/install/ar_interface/include/ar_interface/ar_interface/msg/detail/cubic_traj_params__struct.h\n'}
[1.766070] (ar_interface) StdoutLine: {'line': b'-- Installing: /home/ex22544/coursework/install/ar_interface/include/ar_interface/ar_interface/msg/detail/cubic_traj_params__type_support.h\n'}
[1.779462] (ar_interface) StdoutLine: {'line': b'-- Installing: /home/ex22544/coursework/install/ar_interface/include/ar_interface/ar_interface/msg/detail/cubic_traj_coeffs__functions.c\n'}
[1.792786] (ar_interface) StdoutLine: {'line': b'-- Installing: /home/ex22544/coursework/install/ar_interface/include/ar_interface/ar_interface/msg/detail/cubic_traj_coeffs__functions.h\n'}
[1.803510] (-) TimerEvent: {}
[1.806173] (ar_interface) StdoutLine: {'line': b'-- Installing: /home/ex22544/coursework/install/ar_interface/include/ar_interface/ar_interface/msg/detail/cubic_traj_coeffs__struct.h\n'}
[1.820270] (ar_interface) StdoutLine: {'line': b'-- Installing: /home/ex22544/coursework/install/ar_interface/include/ar_interface/ar_interface/msg/detail/cubic_traj_coeffs__type_support.h\n'}
[1.834322] (ar_interface) StdoutLine: {'line': b'-- Installing: /home/ex22544/coursework/install/ar_interface/include/ar_interface/ar_interface/msg/cubic_traj_coeffs.h\n'}
[1.848406] (ar_interface) StdoutLine: {'line': b'-- Installing: /home/ex22544/coursework/install/ar_interface/include/ar_interface/ar_interface/srv\n'}
[1.857498] (ar_interface) StdoutLine: {'line': b'-- Installing: /home/ex22544/coursework/install/ar_interface/include/ar_interface/ar_interface/srv/compute_cubic_traj.h\n'}
[1.872072] (ar_interface) StdoutLine: {'line': b'-- Installing: /home/ex22544/coursework/install/ar_interface/include/ar_interface/ar_interface/srv/detail\n'}
[1.880342] (ar_interface) StdoutLine: {'line': b'-- Installing: /home/ex22544/coursework/install/ar_interface/include/ar_interface/ar_interface/srv/detail/compute_cubic_traj__functions.c\n'}
[1.895281] (ar_interface) StdoutLine: {'line': b'-- Installing: /home/ex22544/coursework/install/ar_interface/include/ar_interface/ar_interface/srv/detail/compute_cubic_traj__functions.h\n'}
[1.903516] (-) TimerEvent: {}
[1.909324] (ar_interface) StdoutLine: {'line': b'-- Installing: /home/ex22544/coursework/install/ar_interface/include/ar_interface/ar_interface/srv/detail/compute_cubic_traj__struct.h\n'}
[1.923406] (ar_interface) StdoutLine: {'line': b'-- Installing: /home/ex22544/coursework/install/ar_interface/include/ar_interface/ar_interface/srv/detail/compute_cubic_traj__type_support.h\n'}
[1.942312] (ar_interface) StdoutLine: {'line': b'-- Installing: /home/ex22544/coursework/install/ar_interface/share/ar_interface/environment/library_path.sh\n'}
[1.953582] (ar_interface) StdoutLine: {'line': b'-- Installing: /home/ex22544/coursework/install/ar_interface/share/ar_interface/environment/library_path.dsv\n'}
[1.970991] (ar_interface) StdoutLine: {'line': b'-- Installing: /home/ex22544/coursework/install/ar_interface/lib/libar_interface__rosidl_generator_c.so\n'}
[1.992528] (ar_interface) StdoutLine: {'line': b'-- Set runtime path of "/home/ex22544/coursework/install/ar_interface/lib/libar_interface__rosidl_generator_c.so" to ""\n'}
[1.993353] (ar_interface) StdoutLine: {'line': b'-- Up-to-date: /home/ex22544/coursework/install/ar_interface/include/ar_interface/ar_interface\n'}
[1.996142] (ar_interface) StdoutLine: {'line': b'-- Up-to-date: /home/ex22544/coursework/install/ar_interface/include/ar_interface/ar_interface/msg\n'}
[1.998566] (ar_interface) StdoutLine: {'line': b'-- Up-to-date: /home/ex22544/coursework/install/ar_interface/include/ar_interface/ar_interface/msg/detail\n'}
[2.001079] (ar_interface) StdoutLine: {'line': b'-- Installing: /home/ex22544/coursework/install/ar_interface/include/ar_interface/ar_interface/msg/detail/cubic_traj_params__rosidl_typesupport_fastrtps_c.h\n'}
[2.003737] (-) TimerEvent: {}
[2.015506] (ar_interface) StdoutLine: {'line': b'-- Installing: /home/ex22544/coursework/install/ar_interface/include/ar_interface/ar_interface/msg/detail/cubic_traj_coeffs__rosidl_typesupport_fastrtps_c.h\n'}
[2.028827] (ar_interface) StdoutLine: {'line': b'-- Installing: /home/ex22544/coursework/install/ar_interface/include/ar_interface/ar_interface/msg/rosidl_typesupport_fastrtps_c__visibility_control.h\n'}
[2.042368] (ar_interface) StdoutLine: {'line': b'-- Up-to-date: /home/ex22544/coursework/install/ar_interface/include/ar_interface/ar_interface/srv\n'}
[2.044838] (ar_interface) StdoutLine: {'line': b'-- Up-to-date: /home/ex22544/coursework/install/ar_interface/include/ar_interface/ar_interface/srv/detail\n'}
[2.047188] (ar_interface) StdoutLine: {'line': b'-- Installing: /home/ex22544/coursework/install/ar_interface/include/ar_interface/ar_interface/srv/detail/compute_cubic_traj__rosidl_typesupport_fastrtps_c.h\n'}
[2.064185] (ar_interface) StdoutLine: {'line': b'-- Installing: /home/ex22544/coursework/install/ar_interface/lib/libar_interface__rosidl_typesupport_fastrtps_c.so\n'}
[2.084893] (ar_interface) StdoutLine: {'line': b'-- Set runtime path of "/home/ex22544/coursework/install/ar_interface/lib/libar_interface__rosidl_typesupport_fastrtps_c.so" to ""\n'}
[2.085729] (ar_interface) StdoutLine: {'line': b'-- Up-to-date: /home/ex22544/coursework/install/ar_interface/include/ar_interface/ar_interface\n'}
[2.089316] (ar_interface) StdoutLine: {'line': b'-- Up-to-date: /home/ex22544/coursework/install/ar_interface/include/ar_interface/ar_interface/msg\n'}
[2.092202] (ar_interface) StdoutLine: {'line': b'-- Up-to-date: /home/ex22544/coursework/install/ar_interface/include/ar_interface/ar_interface/msg/detail\n'}
[2.094926] (ar_interface) StdoutLine: {'line': b'-- Installing: /home/ex22544/coursework/install/ar_interface/include/ar_interface/ar_interface/msg/detail/cubic_traj_params__rosidl_typesupport_introspection_c.h\n'}
[2.104119] (-) TimerEvent: {}
[2.108749] (ar_interface) StdoutLine: {'line': b'-- Installing: /home/ex22544/coursework/install/ar_interface/include/ar_interface/ar_interface/msg/detail/cubic_traj_params__type_support.c\n'}
[2.122166] (ar_interface) StdoutLine: {'line': b'-- Installing: /home/ex22544/coursework/install/ar_interface/include/ar_interface/ar_interface/msg/detail/cubic_traj_coeffs__rosidl_typesupport_introspection_c.h\n'}
[2.135597] (ar_interface) StdoutLine: {'line': b'-- Installing: /home/ex22544/coursework/install/ar_interface/include/ar_interface/ar_interface/msg/detail/cubic_traj_coeffs__type_support.c\n'}
[2.147758] (ar_interface) StdoutLine: {'line': b'-- Installing: /home/ex22544/coursework/install/ar_interface/include/ar_interface/ar_interface/msg/rosidl_typesupport_introspection_c__visibility_control.h\n'}
[2.161333] (ar_interface) StdoutLine: {'line': b'-- Up-to-date: /home/ex22544/coursework/install/ar_interface/include/ar_interface/ar_interface/srv\n'}
[2.163999] (ar_interface) StdoutLine: {'line': b'-- Up-to-date: /home/ex22544/coursework/install/ar_interface/include/ar_interface/ar_interface/srv/detail\n'}
[2.166539] (ar_interface) StdoutLine: {'line': b'-- Installing: /home/ex22544/coursework/install/ar_interface/include/ar_interface/ar_interface/srv/detail/compute_cubic_traj__rosidl_typesupport_introspection_c.h\n'}
[2.181139] (ar_interface) StdoutLine: {'line': b'-- Installing: /home/ex22544/coursework/install/ar_interface/include/ar_interface/ar_interface/srv/detail/compute_cubic_traj__type_support.c\n'}
[2.196294] (ar_interface) StdoutLine: {'line': b'-- Installing: /home/ex22544/coursework/install/ar_interface/lib/libar_interface__rosidl_typesupport_introspection_c.so\n'}
[2.204086] (-) TimerEvent: {}
[2.217303] (ar_interface) StdoutLine: {'line': b'-- Set runtime path of "/home/ex22544/coursework/install/ar_interface/lib/libar_interface__rosidl_typesupport_introspection_c.so" to ""\n'}
[2.219415] (ar_interface) StdoutLine: {'line': b'-- Installing: /home/ex22544/coursework/install/ar_interface/lib/libar_interface__rosidl_typesupport_c.so\n'}
[2.238807] (ar_interface) StdoutLine: {'line': b'-- Set runtime path of "/home/ex22544/coursework/install/ar_interface/lib/libar_interface__rosidl_typesupport_c.so" to ""\n'}
[2.240295] (ar_interface) StdoutLine: {'line': b'-- Up-to-date: /home/ex22544/coursework/install/ar_interface/include/ar_interface/ar_interface\n'}
[2.243421] (ar_interface) StdoutLine: {'line': b'-- Up-to-date: /home/ex22544/coursework/install/ar_interface/include/ar_interface/ar_interface/msg\n'}
[2.246331] (ar_interface) StdoutLine: {'line': b'-- Installing: /home/ex22544/coursework/install/ar_interface/include/ar_interface/ar_interface/msg/cubic_traj_params.hpp\n'}
[2.260025] (ar_interface) StdoutLine: {'line': b'-- Installing: /home/ex22544/coursework/install/ar_interface/include/ar_interface/ar_interface/msg/rosidl_generator_cpp__visibility_control.hpp\n'}
[2.272669] (ar_interface) StdoutLine: {'line': b'-- Up-to-date: /home/ex22544/coursework/install/ar_interface/include/ar_interface/ar_interface/msg/detail\n'}
[2.275527] (ar_interface) StdoutLine: {'line': b'-- Installing: /home/ex22544/coursework/install/ar_interface/include/ar_interface/ar_interface/msg/detail/cubic_traj_params__builder.hpp\n'}
[2.289892] (ar_interface) StdoutLine: {'line': b'-- Installing: /home/ex22544/coursework/install/ar_interface/include/ar_interface/ar_interface/msg/detail/cubic_traj_params__struct.hpp\n'}
[2.304197] (-) TimerEvent: {}
[2.304434] (ar_interface) StdoutLine: {'line': b'-- Installing: /home/ex22544/coursework/install/ar_interface/include/ar_interface/ar_interface/msg/detail/cubic_traj_params__traits.hpp\n'}
[2.319287] (ar_interface) StdoutLine: {'line': b'-- Installing: /home/ex22544/coursework/install/ar_interface/include/ar_interface/ar_interface/msg/detail/cubic_traj_params__type_support.hpp\n'}
[2.334739] (ar_interface) StdoutLine: {'line': b'-- Installing: /home/ex22544/coursework/install/ar_interface/include/ar_interface/ar_interface/msg/detail/cubic_traj_coeffs__builder.hpp\n'}
[2.349082] (ar_interface) StdoutLine: {'line': b'-- Installing: /home/ex22544/coursework/install/ar_interface/include/ar_interface/ar_interface/msg/detail/cubic_traj_coeffs__struct.hpp\n'}
[2.365947] (ar_interface) StdoutLine: {'line': b'-- Installing: /home/ex22544/coursework/install/ar_interface/include/ar_interface/ar_interface/msg/detail/cubic_traj_coeffs__traits.hpp\n'}
[2.380538] (ar_interface) StdoutLine: {'line': b'-- Installing: /home/ex22544/coursework/install/ar_interface/include/ar_interface/ar_interface/msg/detail/cubic_traj_coeffs__type_support.hpp\n'}
[2.396401] (ar_interface) StdoutLine: {'line': b'-- Installing: /home/ex22544/coursework/install/ar_interface/include/ar_interface/ar_interface/msg/cubic_traj_coeffs.hpp\n'}
[2.404316] (-) TimerEvent: {}
[2.410739] (ar_interface) StdoutLine: {'line': b'-- Up-to-date: /home/ex22544/coursework/install/ar_interface/include/ar_interface/ar_interface/srv\n'}
[2.413790] (ar_interface) StdoutLine: {'line': b'-- Installing: /home/ex22544/coursework/install/ar_interface/include/ar_interface/ar_interface/srv/compute_cubic_traj.hpp\n'}
[2.428874] (ar_interface) StdoutLine: {'line': b'-- Up-to-date: /home/ex22544/coursework/install/ar_interface/include/ar_interface/ar_interface/srv/detail\n'}
[2.431717] (ar_interface) StdoutLine: {'line': b'-- Installing: /home/ex22544/coursework/install/ar_interface/include/ar_interface/ar_interface/srv/detail/compute_cubic_traj__builder.hpp\n'}
[2.448494] (ar_interface) StdoutLine: {'line': b'-- Installing: /home/ex22544/coursework/install/ar_interface/include/ar_interface/ar_interface/srv/detail/compute_cubic_traj__struct.hpp\n'}
[2.463777] (ar_interface) StdoutLine: {'line': b'-- Installing: /home/ex22544/coursework/install/ar_interface/include/ar_interface/ar_interface/srv/detail/compute_cubic_traj__traits.hpp\n'}
[2.478207] (ar_interface) StdoutLine: {'line': b'-- Installing: /home/ex22544/coursework/install/ar_interface/include/ar_interface/ar_interface/srv/detail/compute_cubic_traj__type_support.hpp\n'}
[2.493214] (ar_interface) StdoutLine: {'line': b'-- Up-to-date: /home/ex22544/coursework/install/ar_interface/include/ar_interface/ar_interface\n'}
[2.496302] (ar_interface) StdoutLine: {'line': b'-- Up-to-date: /home/ex22544/coursework/install/ar_interface/include/ar_interface/ar_interface/msg\n'}
[2.500576] (ar_interface) StdoutLine: {'line': b'-- Up-to-date: /home/ex22544/coursework/install/ar_interface/include/ar_interface/ar_interface/msg/detail\n'}
[2.504488] (-) TimerEvent: {}
[2.504751] (ar_interface) StdoutLine: {'line': b'-- Installing: /home/ex22544/coursework/install/ar_interface/include/ar_interface/ar_interface/msg/detail/cubic_traj_params__rosidl_typesupport_fastrtps_cpp.hpp\n'}
[2.519927] (ar_interface) StdoutLine: {'line': b'-- Installing: /home/ex22544/coursework/install/ar_interface/include/ar_interface/ar_interface/msg/detail/dds_fastrtps\n'}
[2.529905] (ar_interface) StdoutLine: {'line': b'-- Installing: /home/ex22544/coursework/install/ar_interface/include/ar_interface/ar_interface/msg/detail/cubic_traj_coeffs__rosidl_typesupport_fastrtps_cpp.hpp\n'}
[2.544026] (ar_interface) StdoutLine: {'line': b'-- Installing: /home/ex22544/coursework/install/ar_interface/include/ar_interface/ar_interface/msg/rosidl_typesupport_fastrtps_cpp__visibility_control.h\n'}
[2.561620] (ar_interface) StdoutLine: {'line': b'-- Up-to-date: /home/ex22544/coursework/install/ar_interface/include/ar_interface/ar_interface/srv\n'}
[2.565172] (ar_interface) StdoutLine: {'line': b'-- Up-to-date: /home/ex22544/coursework/install/ar_interface/include/ar_interface/ar_interface/srv/detail\n'}
[2.568769] (ar_interface) StdoutLine: {'line': b'-- Installing: /home/ex22544/coursework/install/ar_interface/include/ar_interface/ar_interface/srv/detail/compute_cubic_traj__rosidl_typesupport_fastrtps_cpp.hpp\n'}
[2.583756] (ar_interface) StdoutLine: {'line': b'-- Installing: /home/ex22544/coursework/install/ar_interface/include/ar_interface/ar_interface/srv/detail/dds_fastrtps\n'}
[2.592963] (ar_interface) StdoutLine: {'line': b'-- Installing: /home/ex22544/coursework/install/ar_interface/lib/libar_interface__rosidl_typesupport_fastrtps_cpp.so\n'}
[2.604600] (-) TimerEvent: {}
[2.614273] (ar_interface) StdoutLine: {'line': b'-- Set runtime path of "/home/ex22544/coursework/install/ar_interface/lib/libar_interface__rosidl_typesupport_fastrtps_cpp.so" to ""\n'}
[2.615047] (ar_interface) StdoutLine: {'line': b'-- Up-to-date: /home/ex22544/coursework/install/ar_interface/include/ar_interface/ar_interface\n'}
[2.618250] (ar_interface) StdoutLine: {'line': b'-- Up-to-date: /home/ex22544/coursework/install/ar_interface/include/ar_interface/ar_interface/msg\n'}
[2.621114] (ar_interface) StdoutLine: {'line': b'-- Up-to-date: /home/ex22544/coursework/install/ar_interface/include/ar_interface/ar_interface/msg/detail\n'}
[2.624066] (ar_interface) StdoutLine: {'line': b'-- Installing: /home/ex22544/coursework/install/ar_interface/include/ar_interface/ar_interface/msg/detail/cubic_traj_params__rosidl_typesupport_introspection_cpp.hpp\n'}
[2.638339] (ar_interface) StdoutLine: {'line': b'-- Installing: /home/ex22544/coursework/install/ar_interface/include/ar_interface/ar_interface/msg/detail/cubic_traj_params__type_support.cpp\n'}
[2.654212] (ar_interface) StdoutLine: {'line': b'-- Installing: /home/ex22544/coursework/install/ar_interface/include/ar_interface/ar_interface/msg/detail/cubic_traj_coeffs__rosidl_typesupport_introspection_cpp.hpp\n'}
[2.666366] (ar_interface) StdoutLine: {'line': b'-- Installing: /home/ex22544/coursework/install/ar_interface/include/ar_interface/ar_interface/msg/detail/cubic_traj_coeffs__type_support.cpp\n'}
[2.679414] (ar_interface) StdoutLine: {'line': b'-- Up-to-date: /home/ex22544/coursework/install/ar_interface/include/ar_interface/ar_interface/srv\n'}
[2.682156] (ar_interface) StdoutLine: {'line': b'-- Up-to-date: /home/ex22544/coursework/install/ar_interface/include/ar_interface/ar_interface/srv/detail\n'}
[2.685343] (ar_interface) StdoutLine: {'line': b'-- Installing: /home/ex22544/coursework/install/ar_interface/include/ar_interface/ar_interface/srv/detail/compute_cubic_traj__rosidl_typesupport_introspection_cpp.hpp\n'}
[2.698270] (ar_interface) StdoutLine: {'line': b'-- Installing: /home/ex22544/coursework/install/ar_interface/include/ar_interface/ar_interface/srv/detail/compute_cubic_traj__type_support.cpp\n'}
[2.704695] (-) TimerEvent: {}
[2.711769] (ar_interface) StdoutLine: {'line': b'-- Installing: /home/ex22544/coursework/install/ar_interface/lib/libar_interface__rosidl_typesupport_introspection_cpp.so\n'}
[2.731118] (ar_interface) StdoutLine: {'line': b'-- Set runtime path of "/home/ex22544/coursework/install/ar_interface/lib/libar_interface__rosidl_typesupport_introspection_cpp.so" to ""\n'}
[2.733159] (ar_interface) StdoutLine: {'line': b'-- Installing: /home/ex22544/coursework/install/ar_interface/lib/libar_interface__rosidl_typesupport_cpp.so\n'}
[2.753503] (ar_interface) StdoutLine: {'line': b'-- Set runtime path of "/home/ex22544/coursework/install/ar_interface/lib/libar_interface__rosidl_typesupport_cpp.so" to ""\n'}
[2.755679] (ar_interface) StdoutLine: {'line': b'-- Installing: /home/ex22544/coursework/install/ar_interface/share/ar_interface/environment/pythonpath.sh\n'}
[2.769723] (ar_interface) StdoutLine: {'line': b'-- Installing: /home/ex22544/coursework/install/ar_interface/share/ar_interface/environment/pythonpath.dsv\n'}
[2.782107] (ar_interface) StdoutLine: {'line': b'-- Installing: /home/ex22544/coursework/install/ar_interface/local/lib/python3.10/dist-packages/ar_interface-0.0.0-py3.10.egg-info\n'}
[2.794774] (ar_interface) StdoutLine: {'line': b'-- Installing: /home/ex22544/coursework/install/ar_interface/local/lib/python3.10/dist-packages/ar_interface-0.0.0-py3.10.egg-info/dependency_links.txt\n'}
[2.804784] (-) TimerEvent: {}
[2.807850] (ar_interface) StdoutLine: {'line': b'-- Installing: /home/ex22544/coursework/install/ar_interface/local/lib/python3.10/dist-packages/ar_interface-0.0.0-py3.10.egg-info/PKG-INFO\n'}
[2.820477] (ar_interface) StdoutLine: {'line': b'-- Installing: /home/ex22544/coursework/install/ar_interface/local/lib/python3.10/dist-packages/ar_interface-0.0.0-py3.10.egg-info/top_level.txt\n'}
[2.834331] (ar_interface) StdoutLine: {'line': b'-- Installing: /home/ex22544/coursework/install/ar_interface/local/lib/python3.10/dist-packages/ar_interface-0.0.0-py3.10.egg-info/SOURCES.txt\n'}
[2.847177] (ar_interface) StdoutLine: {'line': b'-- Installing: /home/ex22544/coursework/install/ar_interface/local/lib/python3.10/dist-packages/ar_interface\n'}
[2.857442] (ar_interface) StdoutLine: {'line': b'-- Installing: /home/ex22544/coursework/install/ar_interface/local/lib/python3.10/dist-packages/ar_interface/__init__.py\n'}
[2.874816] (ar_interface) StdoutLine: {'line': b'-- Installing: /home/ex22544/coursework/install/ar_interface/local/lib/python3.10/dist-packages/ar_interface/msg\n'}
[2.884231] (ar_interface) StdoutLine: {'line': b'-- Installing: /home/ex22544/coursework/install/ar_interface/local/lib/python3.10/dist-packages/ar_interface/msg/_cubic_traj_params.py\n'}
[2.897819] (ar_interface) StdoutLine: {'line': b'-- Installing: /home/ex22544/coursework/install/ar_interface/local/lib/python3.10/dist-packages/ar_interface/msg/_cubic_traj_params_s.c\n'}
[2.904897] (-) TimerEvent: {}
[2.911301] (ar_interface) StdoutLine: {'line': b'-- Installing: /home/ex22544/coursework/install/ar_interface/local/lib/python3.10/dist-packages/ar_interface/msg/_cubic_traj_coeffs.py\n'}
[2.924302] (ar_interface) StdoutLine: {'line': b'-- Installing: /home/ex22544/coursework/install/ar_interface/local/lib/python3.10/dist-packages/ar_interface/msg/_cubic_traj_coeffs_s.c\n'}
[2.938247] (ar_interface) StdoutLine: {'line': b'-- Installing: /home/ex22544/coursework/install/ar_interface/local/lib/python3.10/dist-packages/ar_interface/msg/__init__.py\n'}
[2.951338] (ar_interface) StdoutLine: {'line': b'-- Installing: /home/ex22544/coursework/install/ar_interface/local/lib/python3.10/dist-packages/ar_interface/srv\n'}
[2.960607] (ar_interface) StdoutLine: {'line': b'-- Installing: /home/ex22544/coursework/install/ar_interface/local/lib/python3.10/dist-packages/ar_interface/srv/_compute_cubic_traj.py\n'}
[2.974776] (ar_interface) StdoutLine: {'line': b'-- Installing: /home/ex22544/coursework/install/ar_interface/local/lib/python3.10/dist-packages/ar_interface/srv/_compute_cubic_traj_s.c\n'}
[2.989568] (ar_interface) StdoutLine: {'line': b'-- Installing: /home/ex22544/coursework/install/ar_interface/local/lib/python3.10/dist-packages/ar_interface/srv/__init__.py\n'}
[3.003041] (ar_interface) StdoutLine: {'line': b'-- Installing: /home/ex22544/coursework/install/ar_interface/local/lib/python3.10/dist-packages/ar_interface/_ar_interface_s.ep.rosidl_typesupport_fastrtps_c.c\n'}
[3.005045] (-) TimerEvent: {}
[3.016449] (ar_interface) StdoutLine: {'line': b'-- Installing: /home/ex22544/coursework/install/ar_interface/local/lib/python3.10/dist-packages/ar_interface/_ar_interface_s.ep.rosidl_typesupport_introspection_c.c\n'}
[3.033923] (ar_interface) StdoutLine: {'line': b'-- Installing: /home/ex22544/coursework/install/ar_interface/local/lib/python3.10/dist-packages/ar_interface/_ar_interface_s.ep.rosidl_typesupport_c.c\n'}
[3.047852] (ar_interface) StdoutLine: {'line': b'-- Installing: /home/ex22544/coursework/install/ar_interface/local/lib/python3.10/dist-packages/ar_interface/libar_interface__rosidl_generator_py.so\n'}
[3.061573] (ar_interface) StdoutLine: {'line': b'-- Installing: /home/ex22544/coursework/install/ar_interface/local/lib/python3.10/dist-packages/ar_interface/ar_interface_s__rosidl_typesupport_c.cpython-310-x86_64-linux-gnu.so\n'}
[3.074912] (ar_interface) StdoutLine: {'line': b'-- Installing: /home/ex22544/coursework/install/ar_interface/local/lib/python3.10/dist-packages/ar_interface/ar_interface_s__rosidl_typesupport_introspection_c.cpython-310-x86_64-linux-gnu.so\n'}
[3.088823] (ar_interface) StdoutLine: {'line': b'-- Installing: /home/ex22544/coursework/install/ar_interface/local/lib/python3.10/dist-packages/ar_interface/ar_interface_s__rosidl_typesupport_fastrtps_c.cpython-310-x86_64-linux-gnu.so\n'}
[3.105190] (-) TimerEvent: {}
[3.205520] (-) TimerEvent: {}
[3.213322] (ar_interface) StdoutLine: {'line': b"Listing '/home/ex22544/coursework/install/ar_interface/local/lib/python3.10/dist-packages/ar_interface'...\n"}
[3.213668] (ar_interface) StdoutLine: {'line': b"Compiling '/home/ex22544/coursework/install/ar_interface/local/lib/python3.10/dist-packages/ar_interface/__init__.py'...\n"}
[3.213818] (ar_interface) StdoutLine: {'line': b"Listing '/home/ex22544/coursework/install/ar_interface/local/lib/python3.10/dist-packages/ar_interface/msg'...\n"}
[3.213922] (ar_interface) StdoutLine: {'line': b"Compiling '/home/ex22544/coursework/install/ar_interface/local/lib/python3.10/dist-packages/ar_interface/msg/__init__.py'...\n"}
[3.214019] (ar_interface) StdoutLine: {'line': b"Compiling '/home/ex22544/coursework/install/ar_interface/local/lib/python3.10/dist-packages/ar_interface/msg/_cubic_traj_coeffs.py'...\n"}
[3.214114] (ar_interface) StdoutLine: {'line': b"Compiling '/home/ex22544/coursework/install/ar_interface/local/lib/python3.10/dist-packages/ar_interface/msg/_cubic_traj_params.py'...\n"}
[3.214209] (ar_interface) StdoutLine: {'line': b"Listing '/home/ex22544/coursework/install/ar_interface/local/lib/python3.10/dist-packages/ar_interface/srv'...\n"}
[3.214317] (ar_interface) StdoutLine: {'line': b"Compiling '/home/ex22544/coursework/install/ar_interface/local/lib/python3.10/dist-packages/ar_interface/srv/__init__.py'...\n"}
[3.214417] (ar_interface) StdoutLine: {'line': b"Compiling '/home/ex22544/coursework/install/ar_interface/local/lib/python3.10/dist-packages/ar_interface/srv/_compute_cubic_traj.py'...\n"}
[3.230222] (ar_interface) StdoutLine: {'line': b'-- Installing: /home/ex22544/coursework/install/ar_interface/local/lib/python3.10/dist-packages/ar_interface/ar_interface_s__rosidl_typesupport_fastrtps_c.cpython-310-x86_64-linux-gnu.so\n'}
[3.254470] (ar_interface) StdoutLine: {'line': b'-- Set runtime path of "/home/ex22544/coursework/install/ar_interface/local/lib/python3.10/dist-packages/ar_interface/ar_interface_s__rosidl_typesupport_fastrtps_c.cpython-310-x86_64-linux-gnu.so" to ""\n'}
[3.262467] (ar_interface) StdoutLine: {'line': b'-- Installing: /home/ex22544/coursework/install/ar_interface/local/lib/python3.10/dist-packages/ar_interface/ar_interface_s__rosidl_typesupport_introspection_c.cpython-310-x86_64-linux-gnu.so\n'}
[3.284181] (ar_interface) StdoutLine: {'line': b'-- Set runtime path of "/home/ex22544/coursework/install/ar_interface/local/lib/python3.10/dist-packages/ar_interface/ar_interface_s__rosidl_typesupport_introspection_c.cpython-310-x86_64-linux-gnu.so" to ""\n'}
[3.292518] (ar_interface) StdoutLine: {'line': b'-- Installing: /home/ex22544/coursework/install/ar_interface/local/lib/python3.10/dist-packages/ar_interface/ar_interface_s__rosidl_typesupport_c.cpython-310-x86_64-linux-gnu.so\n'}
[3.305951] (-) TimerEvent: {}
[3.316349] (ar_interface) StdoutLine: {'line': b'-- Set runtime path of "/home/ex22544/coursework/install/ar_interface/local/lib/python3.10/dist-packages/ar_interface/ar_interface_s__rosidl_typesupport_c.cpython-310-x86_64-linux-gnu.so" to ""\n'}
[3.318344] (ar_interface) StdoutLine: {'line': b'-- Installing: /home/ex22544/coursework/install/ar_interface/lib/libar_interface__rosidl_generator_py.so\n'}
[3.340298] (ar_interface) StdoutLine: {'line': b'-- Set runtime path of "/home/ex22544/coursework/install/ar_interface/lib/libar_interface__rosidl_generator_py.so" to ""\n'}
[3.349308] (ar_interface) StdoutLine: {'line': b'-- Installing: /home/ex22544/coursework/install/ar_interface/share/ar_interface/msg/CubicTrajParams.idl\n'}
[3.365361] (ar_interface) StdoutLine: {'line': b'-- Installing: /home/ex22544/coursework/install/ar_interface/share/ar_interface/msg/CubicTrajCoeffs.idl\n'}
[3.385787] (ar_interface) StdoutLine: {'line': b'-- Installing: /home/ex22544/coursework/install/ar_interface/share/ar_interface/srv/ComputeCubicTraj.idl\n'}
[3.402353] (ar_interface) StdoutLine: {'line': b'-- Installing: /home/ex22544/coursework/install/ar_interface/share/ar_interface/msg/CubicTrajParams.msg\n'}
[3.405922] (-) TimerEvent: {}
[3.417522] (ar_interface) StdoutLine: {'line': b'-- Installing: /home/ex22544/coursework/install/ar_interface/share/ar_interface/msg/CubicTrajCoeffs.msg\n'}
[3.432223] (ar_interface) StdoutLine: {'line': b'-- Installing: /home/ex22544/coursework/install/ar_interface/share/ar_interface/srv/ComputeCubicTraj.srv\n'}
[3.446900] (ar_interface) StdoutLine: {'line': b'-- Installing: /home/ex22544/coursework/install/ar_interface/share/ar_interface/srv/ComputeCubicTraj_Request.msg\n'}
[3.462591] (ar_interface) StdoutLine: {'line': b'-- Installing: /home/ex22544/coursework/install/ar_interface/share/ar_interface/srv/ComputeCubicTraj_Response.msg\n'}
[3.486415] (ar_interface) StdoutLine: {'line': b'-- Installing: /home/ex22544/coursework/install/ar_interface/share/ament_index/resource_index/package_run_dependencies/ar_interface\n'}
[3.506050] (-) TimerEvent: {}
[3.508326] (ar_interface) StdoutLine: {'line': b'-- Installing: /home/ex22544/coursework/install/ar_interface/share/ament_index/resource_index/parent_prefix_path/ar_interface\n'}
[3.526312] (ar_interface) StdoutLine: {'line': b'-- Installing: /home/ex22544/coursework/install/ar_interface/share/ar_interface/environment/ament_prefix_path.sh\n'}
[3.538045] (ar_interface) StdoutLine: {'line': b'-- Installing: /home/ex22544/coursework/install/ar_interface/share/ar_interface/environment/ament_prefix_path.dsv\n'}
[3.552751] (ar_interface) StdoutLine: {'line': b'-- Installing: /home/ex22544/coursework/install/ar_interface/share/ar_interface/environment/path.sh\n'}
[3.564875] (ar_interface) StdoutLine: {'line': b'-- Installing: /home/ex22544/coursework/install/ar_interface/share/ar_interface/environment/path.dsv\n'}
[3.578389] (ar_interface) StdoutLine: {'line': b'-- Installing: /home/ex22544/coursework/install/ar_interface/share/ar_interface/local_setup.bash\n'}
[3.592895] (ar_interface) StdoutLine: {'line': b'-- Installing: /home/ex22544/coursework/install/ar_interface/share/ar_interface/local_setup.sh\n'}
[3.606406] (-) TimerEvent: {}
[3.607303] (ar_interface) StdoutLine: {'line': b'-- Installing: /home/ex22544/coursework/install/ar_interface/share/ar_interface/local_setup.zsh\n'}
[3.621308] (ar_interface) StdoutLine: {'line': b'-- Installing: /home/ex22544/coursework/install/ar_interface/share/ar_interface/local_setup.dsv\n'}
[3.635575] (ar_interface) StdoutLine: {'line': b'-- Installing: /home/ex22544/coursework/install/ar_interface/share/ar_interface/package.dsv\n'}
[3.654678] (ar_interface) StdoutLine: {'line': b'-- Installing: /home/ex22544/coursework/install/ar_interface/share/ament_index/resource_index/packages/ar_interface\n'}
[3.674327] (ar_interface) StdoutLine: {'line': b'-- Installing: /home/ex22544/coursework/install/ar_interface/share/ar_interface/cmake/export_ar_interface__rosidl_generator_cExport.cmake\n'}
[3.690881] (ar_interface) StdoutLine: {'line': b'-- Installing: /home/ex22544/coursework/install/ar_interface/share/ar_interface/cmake/export_ar_interface__rosidl_generator_cExport-noconfig.cmake\n'}
[3.704600] (ar_interface) StdoutLine: {'line': b'-- Installing: /home/ex22544/coursework/install/ar_interface/share/ar_interface/cmake/export_ar_interface__rosidl_typesupport_fastrtps_cExport.cmake\n'}
[3.706516] (-) TimerEvent: {}
[3.718896] (ar_interface) StdoutLine: {'line': b'-- Installing: /home/ex22544/coursework/install/ar_interface/share/ar_interface/cmake/export_ar_interface__rosidl_typesupport_fastrtps_cExport-noconfig.cmake\n'}
[3.733694] (ar_interface) StdoutLine: {'line': b'-- Installing: /home/ex22544/coursework/install/ar_interface/share/ar_interface/cmake/ar_interface__rosidl_typesupport_introspection_cExport.cmake\n'}
[3.748292] (ar_interface) StdoutLine: {'line': b'-- Installing: /home/ex22544/coursework/install/ar_interface/share/ar_interface/cmake/ar_interface__rosidl_typesupport_introspection_cExport-noconfig.cmake\n'}
[3.762037] (ar_interface) StdoutLine: {'line': b'-- Installing: /home/ex22544/coursework/install/ar_interface/share/ar_interface/cmake/ar_interface__rosidl_typesupport_cExport.cmake\n'}
[3.775980] (ar_interface) StdoutLine: {'line': b'-- Installing: /home/ex22544/coursework/install/ar_interface/share/ar_interface/cmake/ar_interface__rosidl_typesupport_cExport-noconfig.cmake\n'}
[3.788908] (ar_interface) StdoutLine: {'line': b'-- Installing: /home/ex22544/coursework/install/ar_interface/share/ar_interface/cmake/export_ar_interface__rosidl_generator_cppExport.cmake\n'}
[3.803806] (ar_interface) StdoutLine: {'line': b'-- Installing: /home/ex22544/coursework/install/ar_interface/share/ar_interface/cmake/export_ar_interface__rosidl_typesupport_fastrtps_cppExport.cmake\n'}
[3.806778] (-) TimerEvent: {}
[3.817022] (ar_interface) StdoutLine: {'line': b'-- Installing: /home/ex22544/coursework/install/ar_interface/share/ar_interface/cmake/export_ar_interface__rosidl_typesupport_fastrtps_cppExport-noconfig.cmake\n'}
[3.831158] (ar_interface) StdoutLine: {'line': b'-- Installing: /home/ex22544/coursework/install/ar_interface/share/ar_interface/cmake/ar_interface__rosidl_typesupport_introspection_cppExport.cmake\n'}
[3.846136] (ar_interface) StdoutLine: {'line': b'-- Installing: /home/ex22544/coursework/install/ar_interface/share/ar_interface/cmake/ar_interface__rosidl_typesupport_introspection_cppExport-noconfig.cmake\n'}
[3.860703] (ar_interface) StdoutLine: {'line': b'-- Installing: /home/ex22544/coursework/install/ar_interface/share/ar_interface/cmake/ar_interface__rosidl_typesupport_cppExport.cmake\n'}
[3.874788] (ar_interface) StdoutLine: {'line': b'-- Installing: /home/ex22544/coursework/install/ar_interface/share/ar_interface/cmake/ar_interface__rosidl_typesupport_cppExport-noconfig.cmake\n'}
[3.888985] (ar_interface) StdoutLine: {'line': b'-- Installing: /home/ex22544/coursework/install/ar_interface/share/ar_interface/cmake/export_ar_interface__rosidl_generator_pyExport.cmake\n'}
[3.902387] (ar_interface) StdoutLine: {'line': b'-- Installing: /home/ex22544/coursework/install/ar_interface/share/ar_interface/cmake/export_ar_interface__rosidl_generator_pyExport-noconfig.cmake\n'}
[3.907080] (-) TimerEvent: {}
[3.916729] (ar_interface) StdoutLine: {'line': b'-- Installing: /home/ex22544/coursework/install/ar_interface/share/ar_interface/cmake/rosidl_cmake-extras.cmake\n'}
[3.929800] (ar_interface) StdoutLine: {'line': b'-- Installing: /home/ex22544/coursework/install/ar_interface/share/ar_interface/cmake/ament_cmake_export_include_directories-extras.cmake\n'}
[3.942107] (ar_interface) StdoutLine: {'line': b'-- Installing: /home/ex22544/coursework/install/ar_interface/share/ar_interface/cmake/ament_cmake_export_libraries-extras.cmake\n'}
[3.954733] (ar_interface) StdoutLine: {'line': b'-- Installing: /home/ex22544/coursework/install/ar_interface/share/ar_interface/cmake/ament_cmake_export_targets-extras.cmake\n'}
[3.968566] (ar_interface) StdoutLine: {'line': b'-- Installing: /home/ex22544/coursework/install/ar_interface/share/ar_interface/cmake/rosidl_cmake_export_typesupport_targets-extras.cmake\n'}
[3.983222] (ar_interface) StdoutLine: {'line': b'-- Installing: /home/ex22544/coursework/install/ar_interface/share/ar_interface/cmake/ament_cmake_export_dependencies-extras.cmake\n'}
[3.997302] (ar_interface) StdoutLine: {'line': b'-- Installing: /home/ex22544/coursework/install/ar_interface/share/ar_interface/cmake/rosidl_cmake_export_typesupport_libraries-extras.cmake\n'}
[4.007276] (-) TimerEvent: {}
[4.009883] (ar_interface) StdoutLine: {'line': b'-- Installing: /home/ex22544/coursework/install/ar_interface/share/ar_interface/cmake/ar_interfaceConfig.cmake\n'}
[4.023339] (ar_interface) StdoutLine: {'line': b'-- Installing: /home/ex22544/coursework/install/ar_interface/share/ar_interface/cmake/ar_interfaceConfig-version.cmake\n'}
[4.040431] (ar_interface) StdoutLine: {'line': b'-- Installing: /home/ex22544/coursework/install/ar_interface/share/ar_interface/package.xml\n'}
[4.062460] (ar_interface) CommandEnded: {'returncode': 0}
[4.107474] (-) TimerEvent: {}
[4.207882] (-) TimerEvent: {}
[4.259321] (ar_interface) JobEnded: {'identifier': 'ar_interface', 'rc': 0}
[4.274335] (ar_test) JobStarted: {'identifier': 'ar_test'}
[4.308040] (-) TimerEvent: {}
[4.408329] (-) TimerEvent: {}
[4.508695] (-) TimerEvent: {}
[4.609012] (-) TimerEvent: {}
[4.709440] (-) TimerEvent: {}
[4.809752] (-) TimerEvent: {}
[4.910048] (-) TimerEvent: {}
[5.010358] (-) TimerEvent: {}
[5.110782] (-) TimerEvent: {}
[5.211104] (-) TimerEvent: {}
[5.311379] (-) TimerEvent: {}
[5.411715] (-) TimerEvent: {}
[5.512173] (-) TimerEvent: {}
[5.612997] (-) TimerEvent: {}
[5.713978] (-) TimerEvent: {}
[5.814480] (-) TimerEvent: {}
[5.915137] (-) TimerEvent: {}
[6.013874] (ar_test) Command: {'cmd': ['/usr/bin/python3', '-W', 'ignore:setup.py install is deprecated', '-W', 'ignore:easy_install command is deprecated', 'setup.py', 'egg_info', '--egg-base', '../../build/ar_test', 'build', '--build-base', '/home/ex22544/coursework/build/ar_test/build', 'install', '--record', '/home/ex22544/coursework/build/ar_test/install.log', '--single-version-externally-managed', 'install_data'], 'cwd': '/home/ex22544/coursework/src/ar_test', 'env': {'USER': 'ex22544', 'XDG_SESSION_TYPE': 'x11', 'LAMMPS_POTENTIALS': '/usr/share/lammps/potentials', 'SHLVL': '1', 'LD_LIBRARY_PATH': '/home/ex22544/coursework/install/ar_interface/lib:/opt/ros/humble/opt/rviz_ogre_vendor/lib:/opt/rti.com/rti_connext_dds-6.0.1/lib/x64Linux4gcc7.3.0:/opt/rti.com/rti_connext_dds-6.0.1/bin:/opt/ros/humble/lib/x86_64-linux-gnu:/opt/ros/humble/lib', 'HOME': '/home/ex22544', 'DESKTOP_SESSION': 'ubuntu', 'CONNEXTDDS_DIR': '/opt/rti.com/rti_connext_dds-6.0.1', 'ROS_PYTHON_VERSION': '3', 'GNOME_SHELL_SESSION_MODE': 'ubuntu', 'GTK_MODULES': 'gail:atk-bridge', 'NDDSHOME': '/opt/rti.com/rti_connext_dds-6.0.1', 'MODULES_CMD': '/usr/lib/x86_64-linux-gnu/modulecmd.tcl', 'SYSTEMD_EXEC_PID': '183417', 'DBUS_SESSION_BUS_ADDRESS': 'unix:path=/run/user/203302214/bus', 'COLORTERM': 'truecolor', '_colcon_cd_root': '/opt/ros/humble/', 'ROS_DISTRO': 'humble', 'GTK_IM_MODULE': 'ibus', 'LOGNAME': 'ex22544', '_': '/usr/bin/colcon', 'ROS_VERSION': '2', 'XDG_SESSION_CLASS': 'user', 'USERNAME': 'ex22544', 'TERM': 'xterm-256color', 'GNOME_DESKTOP_SESSION_ID': 'this-is-deprecated', 'ROS_LOCALHOST_ONLY': '0', 'WINDOWPATH': '2', 'PATH': '/opt/rti.com/rti_connext_dds-6.0.1/lib/x64Linux4gcc7.3.0:/opt/rti.com/rti_connext_dds-6.0.1/bin:/opt/ros/humble/bin:/usr/local/sbin:/usr/local/bin:/usr/sbin:/usr/bin:/sbin:/bin:/usr/games:/usr/local/games:/snap/bin:/snap/bin:/usr/local/anaconda3/bin:/opt/puppetlabs/bin', 'SESSION_MANAGER': 'local/cln-tsl-hhyvhp2.qm.ds.qmul.ac.uk:@/tmp/.ICE-unix/131506,unix/cln-tsl-hhyvhp2.qm.ds.qmul.ac.uk:/tmp/.ICE-unix/131506', 'XDG_MENU_PREFIX': 'gnome-', 'GNOME_TERMINAL_SCREEN': '/org/gnome/Terminal/screen/aa2ff48b_12c3_4bd1_9a35_9d506b3756d7', 'XDG_RUNTIME_DIR': '/run/user/203302214', 'DISPLAY': ':1', 'LANG': 'en_GB.UTF-8', 'XDG_CURRENT_DESKTOP': 'ubuntu:GNOME', 'XMODIFIERS': '@im=ibus', 'XDG_SESSION_DESKTOP': 'ubuntu', 'XAUTHORITY': '/run/user/203302214/gdm/Xauthority', 'GNOME_TERMINAL_SERVICE': ':1.107', 'SSH_AGENT_LAUNCHER': 'gnome-keyring', 'SSH_AUTH_SOCK': '/run/user/203302214/keyring/ssh', 'AMENT_PREFIX_PATH': '/home/ex22544/coursework/install/ar_interface:/opt/ros/humble', 'ROS_DOMAIN_ID': '58', 'SHELL': '/bin/bash', 'KRB5CCNAME': 'FILE:/tmp/krb5cc_203302214_SccGGy', 'QT_ACCESSIBILITY': '1', 'JUPYTER_ALLOW_INSECURE_WRITES': '1', 'GDMSESSION': 'ubuntu', 'GPG_AGENT_INFO': '/run/user/203302214/gnupg/S.gpg-agent:0:1', 'CONNEXTDDS_ARCH': 'x64Linux4gcc7.3.0', 'QT_IM_MODULE': 'ibus', 'PWD': '/home/ex22544/coursework/build/ar_test', 'LOADEDMODULES': '', 'LC_ALL': 'en_GB.UTF-8', 'XDG_CONFIG_DIRS': '/etc/xdg/xdg-ubuntu:/etc/xdg', 'XDG_DATA_DIRS': '/usr/share/ubuntu:/usr/share/gnome:/usr/local/share/:/usr/share/:/var/lib/snapd/desktop', 'PYTHONPATH': '/home/ex22544/coursework/build/ar_test/prefix_override:/usr/lib/python3/dist-packages/colcon_core/task/python/colcon_distutils_commands:/home/ex22544/coursework/install/ar_test/lib/python3.10/site-packages:/home/ex22544/coursework/install/ar_interface/local/lib/python3.10/dist-packages:/opt/ros/humble/lib/python3.10/site-packages:/opt/ros/humble/local/lib/python3.10/dist-packages', 'MSI2LMP_LIBRARY': '/usr/share/lammps/frc_files', 'COLCON': '1', 'MANPATH': '::/opt/puppetlabs/puppet/share/man', 'VTE_VERSION': '6800', 'MODULEPATH': '/etc/environment-modules/modules:/usr/share/modules/versions:/usr/share/modules/$MODULE_VERSION/modulefiles:/usr/share/modules/modulefiles', 'MODULESHOME': '/usr/share/modules', 'CMAKE_PREFIX_PATH': '/home/ex22544/coursework/install/ar_interface'}, 'shell': False}
[6.022127] (-) TimerEvent: {}
[6.122381] (-) TimerEvent: {}
[6.222607] (-) TimerEvent: {}
[6.323070] (-) TimerEvent: {}
[6.424116] (-) TimerEvent: {}
[6.495323] (ar_test) StdoutLine: {'line': b'running egg_info\n'}
[6.524109] (-) TimerEvent: {}
[6.533533] (ar_test) StdoutLine: {'line': b'writing ../../build/ar_test/ar_test.egg-info/PKG-INFO\n'}
[6.544324] (ar_test) StdoutLine: {'line': b'writing dependency_links to ../../build/ar_test/ar_test.egg-info/dependency_links.txt\n'}
[6.549448] (ar_test) StdoutLine: {'line': b'writing entry points to ../../build/ar_test/ar_test.egg-info/entry_points.txt\n'}
[6.554890] (ar_test) StdoutLine: {'line': b'writing requirements to ../../build/ar_test/ar_test.egg-info/requires.txt\n'}
[6.558970] (ar_test) StdoutLine: {'line': b'writing top-level names to ../../build/ar_test/ar_test.egg-info/top_level.txt\n'}
[6.624234] (-) TimerEvent: {}
[6.724600] (-) TimerEvent: {}
[6.824850] (-) TimerEvent: {}
[6.894012] (ar_test) StdoutLine: {'line': b"reading manifest file '../../build/ar_test/ar_test.egg-info/SOURCES.txt'\n"}
[6.903849] (ar_test) StdoutLine: {'line': b"adding license file 'LICENSE'\n"}
[6.904932] (ar_test) StdoutLine: {'line': b"writing manifest file '../../build/ar_test/ar_test.egg-info/SOURCES.txt'\n"}
[6.908934] (ar_test) StdoutLine: {'line': b'running build\n'}
[6.909106] (ar_test) StdoutLine: {'line': b'running build_py\n'}
[6.914965] (ar_test) StdoutLine: {'line': b'copying ar_test/__init__.py -> /home/ex22544/coursework/build/ar_test/build/lib/ar_test\n'}
[6.921214] (ar_test) StdoutLine: {'line': b'copying ar_test/points_generator.py -> /home/ex22544/coursework/build/ar_test/build/lib/ar_test\n'}
[6.924976] (-) TimerEvent: {}
[6.930064] (ar_test) StdoutLine: {'line': b'copying ar_test/cubic_traj_planner.py -> /home/ex22544/coursework/build/ar_test/build/lib/ar_test\n'}
[6.937007] (ar_test) StdoutLine: {'line': b'copying ar_test/plot_cubic_traj.py -> /home/ex22544/coursework/build/ar_test/build/lib/ar_test\n'}
[6.944435] (ar_test) StdoutLine: {'line': b'copying ar_test/compute_cubic_coeffs.py -> /home/ex22544/coursework/build/ar_test/build/lib/ar_test\n'}
[6.952701] (ar_test) StdoutLine: {'line': b'running install\n'}
[6.959375] (ar_test) StdoutLine: {'line': b'running install_lib\n'}
[7.002520] (ar_test) StdoutLine: {'line': b'creating /home/ex22544/coursework/install/ar_test/lib/python3.10/site-packages/ar_test\n'}
[7.005929] (ar_test) StdoutLine: {'line': b'copying /home/ex22544/coursework/build/ar_test/build/lib/ar_test/__init__.py -> /home/ex22544/coursework/install/ar_test/lib/python3.10/site-packages/ar_test\n'}
[7.012616] (ar_test) StdoutLine: {'line': b'copying /home/ex22544/coursework/build/ar_test/build/lib/ar_test/service_member_function.py -> /home/ex22544/coursework/install/ar_test/lib/python3.10/site-packages/ar_test\n'}
[7.019477] (ar_test) StdoutLine: {'line': b'copying /home/ex22544/coursework/build/ar_test/build/lib/ar_test/points_generator.py -> /home/ex22544/coursework/install/ar_test/lib/python3.10/site-packages/ar_test\n'}
[7.025186] (-) TimerEvent: {}
[7.026831] (ar_test) StdoutLine: {'line': b'copying /home/ex22544/coursework/build/ar_test/build/lib/ar_test/cubic_traj_planner.py -> /home/ex22544/coursework/install/ar_test/lib/python3.10/site-packages/ar_test\n'}
[7.033776] (ar_test) StdoutLine: {'line': b'copying /home/ex22544/coursework/build/ar_test/build/lib/ar_test/plot_cubic_traj.py -> /home/ex22544/coursework/install/ar_test/lib/python3.10/site-packages/ar_test\n'}
[7.041957] (ar_test) StdoutLine: {'line': b'copying /home/ex22544/coursework/build/ar_test/build/lib/ar_test/compute_cubic_coeffs.py -> /home/ex22544/coursework/install/ar_test/lib/python3.10/site-packages/ar_test\n'}
[7.052572] (ar_test) StdoutLine: {'line': b'byte-compiling /home/ex22544/coursework/install/ar_test/lib/python3.10/site-packages/ar_test/__init__.py to __init__.cpython-310.pyc\n'}
[7.060705] (ar_test) StdoutLine: {'line': b'byte-compiling /home/ex22544/coursework/install/ar_test/lib/python3.10/site-packages/ar_test/service_member_function.py to service_member_function.cpython-310.pyc\n'}
[7.070629] (ar_test) StdoutLine: {'line': b'byte-compiling /home/ex22544/coursework/install/ar_test/lib/python3.10/site-packages/ar_test/points_generator.py to points_generator.cpython-310.pyc\n'}
[7.078744] (ar_test) StdoutLine: {'line': b'byte-compiling /home/ex22544/coursework/install/ar_test/lib/python3.10/site-packages/ar_test/cubic_traj_planner.py to cubic_traj_planner.cpython-310.pyc\n'}
[7.088071] (ar_test) StdoutLine: {'line': b'byte-compiling /home/ex22544/coursework/install/ar_test/lib/python3.10/site-packages/ar_test/plot_cubic_traj.py to plot_cubic_traj.cpython-310.pyc\n'}
[7.095995] (ar_test) StdoutLine: {'line': b'byte-compiling /home/ex22544/coursework/install/ar_test/lib/python3.10/site-packages/ar_test/compute_cubic_coeffs.py to compute_cubic_coeffs.cpython-310.pyc\n'}
[7.103856] (ar_test) StdoutLine: {'line': b'running install_data\n'}
[7.105507] (ar_test) StdoutLine: {'line': b'creating /home/ex22544/coursework/install/ar_test/share/ament_index/resource_index/packages\n'}
[7.110617] (ar_test) StdoutLine: {'line': b'copying resource/ar_test -> /home/ex22544/coursework/install/ar_test/share/ament_index/resource_index/packages\n'}
[7.116952] (ar_test) StdoutLine: {'line': b'copying package.xml -> /home/ex22544/coursework/install/ar_test/share/ar_test\n'}
[7.124715] (ar_test) StdoutLine: {'line': b'creating /home/ex22544/coursework/install/ar_test/share/ar_test/launch\n'}
[7.125252] (-) TimerEvent: {}
[7.126802] (ar_test) StdoutLine: {'line': b'copying launch/cubic_traj_gen.launch.py -> /home/ex22544/coursework/install/ar_test/share/ar_test/launch\n'}
[7.132714] (ar_test) StdoutLine: {'line': b'running install_egg_info\n'}
[7.175861] (ar_test) StdoutLine: {'line': b'Copying ../../build/ar_test/ar_test.egg-info to /home/ex22544/coursework/install/ar_test/lib/python3.10/site-packages/ar_test-0.0.0-py3.10.egg-info\n'}
[7.225401] (-) TimerEvent: {}
[7.238637] (ar_test) StdoutLine: {'line': b'running install_scripts\n'}
[7.325503] (-) TimerEvent: {}
[7.346528] (ar_test) StdoutLine: {'line': b'Installing compute_cubic_coeffs script to /home/ex22544/coursework/install/ar_test/lib/ar_test\n'}
[7.351198] (ar_test) StdoutLine: {'line': b'Installing cubic_traj_planner script to /home/ex22544/coursework/install/ar_test/lib/ar_test\n'}
[7.357179] (ar_test) StdoutLine: {'line': b'Installing plot_cubic_traj script to /home/ex22544/coursework/install/ar_test/lib/ar_test\n'}
[7.361839] (ar_test) StdoutLine: {'line': b'Installing points_generator script to /home/ex22544/coursework/install/ar_test/lib/ar_test\n'}
[7.367683] (ar_test) StdoutLine: {'line': b"writing list of installed files to '/home/ex22544/coursework/build/ar_test/install.log'\n"}
[7.421746] (ar_test) CommandEnded: {'returncode': 0}
[7.425634] (-) TimerEvent: {}
[7.512690] (ar_test) JobEnded: {'identifier': 'ar_test', 'rc': 0}
[7.527404] (-) TimerEvent: {}
[7.527508] (-) EventReactorShutdown: {}
