[0.190s] DEBUG:colcon:Command line arguments: ['/usr/bin/colcon', 'build']
[0.191s] DEBUG:colcon:Parsed command line arguments: Namespace(log_base=None, log_level=None, verb_name='build', build_base='build', install_base='install', merge_install=False, symlink_install=False, test_result_base=None, continue_on_error=False, executor='parallel', parallel_workers=8, event_handlers=None, ignore_user_meta=False, metas=['./colcon.meta'], base_paths=['.'], packages_ignore=None, packages_ignore_regex=None, paths=None, packages_up_to=None, packages_up_to_regex=None, packages_above=None, packages_above_and_dependencies=None, packages_above_depth=None, packages_select_by_dep=None, packages_skip_by_dep=None, packages_skip_up_to=None, packages_select_build_failed=False, packages_skip_build_finished=False, packages_select_test_failures=False, packages_skip_test_passed=False, packages_select=None, packages_skip=None, packages_select_regex=None, packages_skip_regex=None, packages_start=None, packages_end=None, allow_overriding=[], bazel_args=None, bazel_task=None, cmake_args=None, cmake_target=None, cmake_target_skip_unavailable=False, cmake_clean_cache=False, cmake_clean_first=False, cmake_force_configure=False, ament_cmake_args=None, catkin_cmake_args=None, catkin_skip_building_tests=False, mixin_files=None, mixin=None, verb_parser=<colcon_mixin.mixin.mixin_argument.MixinArgumentDecorator object at 0x7f42e4af73d0>, verb_extension=<colcon_core.verb.build.BuildVerb object at 0x7f42e4af6ec0>, main=<bound method BuildVerb.main of <colcon_core.verb.build.BuildVerb object at 0x7f42e4af6ec0>>, mixin_verb=('build',))
[0.264s] Level 1:colcon.colcon_core.package_discovery:discover_packages(colcon_meta) check parameters
[0.265s] Level 1:colcon.colcon_core.package_discovery:discover_packages(recursive) check parameters
[0.265s] Level 1:colcon.colcon_core.package_discovery:discover_packages(ignore) check parameters
[0.265s] Level 1:colcon.colcon_core.package_discovery:discover_packages(path) check parameters
[0.265s] Level 1:colcon.colcon_core.package_discovery:discover_packages(colcon_meta) discover
[0.265s] Level 1:colcon.colcon_core.package_discovery:discover_packages(recursive) discover
[0.265s] INFO:colcon.colcon_core.package_discovery:Crawling recursively for packages in '/home/ex22544/coursework'
[0.266s] Level 1:colcon.colcon_core.package_identification:_identify(.) by extensions ['ignore', 'ignore_ament_install']
[0.267s] Level 1:colcon.colcon_core.package_identification:_identify(.) by extension 'ignore'
[0.267s] Level 1:colcon.colcon_core.package_identification:_identify(.) by extension 'ignore_ament_install'
[0.267s] Level 1:colcon.colcon_core.package_identification:_identify(.) by extensions ['colcon_pkg']
[0.267s] Level 1:colcon.colcon_core.package_identification:_identify(.) by extension 'colcon_pkg'
[0.267s] Level 1:colcon.colcon_core.package_identification:_identify(.) by extensions ['colcon_meta']
[0.267s] Level 1:colcon.colcon_core.package_identification:_identify(.) by extension 'colcon_meta'
[0.267s] Level 1:colcon.colcon_core.package_identification:_identify(.) by extensions ['ros']
[0.267s] Level 1:colcon.colcon_core.package_identification:_identify(.) by extension 'ros'
[0.270s] Level 1:colcon.colcon_core.package_identification:_identify(.) by extensions ['bazel', 'cmake', 'python']
[0.270s] Level 1:colcon.colcon_core.package_identification:_identify(.) by extension 'bazel'
[0.270s] Level 1:colcon.colcon_core.package_identification:_identify(.) by extension 'cmake'
[0.270s] Level 1:colcon.colcon_core.package_identification:_identify(.) by extension 'python'
[0.270s] Level 1:colcon.colcon_core.package_identification:_identify(.) by extensions ['python_setup_py']
[0.270s] Level 1:colcon.colcon_core.package_identification:_identify(.) by extension 'python_setup_py'
[0.271s] Level 1:colcon.colcon_core.package_identification:_identify(build) by extensions ['ignore', 'ignore_ament_install']
[0.272s] Level 1:colcon.colcon_core.package_identification:_identify(build) by extension 'ignore'
[0.272s] Level 1:colcon.colcon_core.package_identification:_identify(build) ignored
[0.273s] Level 1:colcon.colcon_core.package_identification:_identify(install) by extensions ['ignore', 'ignore_ament_install']
[0.273s] Level 1:colcon.colcon_core.package_identification:_identify(install) by extension 'ignore'
[0.273s] Level 1:colcon.colcon_core.package_identification:_identify(install) ignored
[0.275s] Level 1:colcon.colcon_core.package_identification:_identify(log) by extensions ['ignore', 'ignore_ament_install']
[0.275s] Level 1:colcon.colcon_core.package_identification:_identify(log) by extension 'ignore'
[0.275s] Level 1:colcon.colcon_core.package_identification:_identify(log) ignored
[0.276s] Level 1:colcon.colcon_core.package_identification:_identify(src) by extensions ['ignore', 'ignore_ament_install']
[0.276s] Level 1:colcon.colcon_core.package_identification:_identify(src) by extension 'ignore'
[0.277s] Level 1:colcon.colcon_core.package_identification:_identify(src) by extension 'ignore_ament_install'
[0.277s] Level 1:colcon.colcon_core.package_identification:_identify(src) by extensions ['colcon_pkg']
[0.277s] Level 1:colcon.colcon_core.package_identification:_identify(src) by extension 'colcon_pkg'
[0.277s] Level 1:colcon.colcon_core.package_identification:_identify(src) by extensions ['colcon_meta']
[0.277s] Level 1:colcon.colcon_core.package_identification:_identify(src) by extension 'colcon_meta'
[0.277s] Level 1:colcon.colcon_core.package_identification:_identify(src) by extensions ['ros']
[0.277s] Level 1:colcon.colcon_core.package_identification:_identify(src) by extension 'ros'
[0.277s] Level 1:colcon.colcon_core.package_identification:_identify(src) by extensions ['bazel', 'cmake', 'python']
[0.277s] Level 1:colcon.colcon_core.package_identification:_identify(src) by extension 'bazel'
[0.277s] Level 1:colcon.colcon_core.package_identification:_identify(src) by extension 'cmake'
[0.277s] Level 1:colcon.colcon_core.package_identification:_identify(src) by extension 'python'
[0.277s] Level 1:colcon.colcon_core.package_identification:_identify(src) by extensions ['python_setup_py']
[0.277s] Level 1:colcon.colcon_core.package_identification:_identify(src) by extension 'python_setup_py'
[0.278s] Level 1:colcon.colcon_core.package_identification:_identify(src/ar_interface) by extensions ['ignore', 'ignore_ament_install']
[0.278s] Level 1:colcon.colcon_core.package_identification:_identify(src/ar_interface) by extension 'ignore'
[0.278s] Level 1:colcon.colcon_core.package_identification:_identify(src/ar_interface) by extension 'ignore_ament_install'
[0.278s] Level 1:colcon.colcon_core.package_identification:_identify(src/ar_interface) by extensions ['colcon_pkg']
[0.278s] Level 1:colcon.colcon_core.package_identification:_identify(src/ar_interface) by extension 'colcon_pkg'
[0.278s] Level 1:colcon.colcon_core.package_identification:_identify(src/ar_interface) by extensions ['colcon_meta']
[0.278s] Level 1:colcon.colcon_core.package_identification:_identify(src/ar_interface) by extension 'colcon_meta'
[0.278s] Level 1:colcon.colcon_core.package_identification:_identify(src/ar_interface) by extensions ['ros']
[0.278s] Level 1:colcon.colcon_core.package_identification:_identify(src/ar_interface) by extension 'ros'
[0.283s] DEBUG:colcon.colcon_core.package_identification:Package 'src/ar_interface' with type 'ros.ament_cmake' and name 'ar_interface'
[0.284s] Level 1:colcon.colcon_core.package_identification:_identify(src/ar_test) by extensions ['ignore', 'ignore_ament_install']
[0.284s] Level 1:colcon.colcon_core.package_identification:_identify(src/ar_test) by extension 'ignore'
[0.284s] Level 1:colcon.colcon_core.package_identification:_identify(src/ar_test) by extension 'ignore_ament_install'
[0.284s] Level 1:colcon.colcon_core.package_identification:_identify(src/ar_test) by extensions ['colcon_pkg']
[0.284s] Level 1:colcon.colcon_core.package_identification:_identify(src/ar_test) by extension 'colcon_pkg'
[0.284s] Level 1:colcon.colcon_core.package_identification:_identify(src/ar_test) by extensions ['colcon_meta']
[0.284s] Level 1:colcon.colcon_core.package_identification:_identify(src/ar_test) by extension 'colcon_meta'
[0.284s] Level 1:colcon.colcon_core.package_identification:_identify(src/ar_test) by extensions ['ros']
[0.284s] Level 1:colcon.colcon_core.package_identification:_identify(src/ar_test) by extension 'ros'
[0.291s] DEBUG:colcon.colcon_core.package_identification:Package 'src/ar_test' with type 'ros.ament_python' and name 'ar_test'
[0.291s] Level 1:colcon.colcon_core.package_discovery:discover_packages(recursive) using defaults
[0.291s] Level 1:colcon.colcon_core.package_discovery:discover_packages(ignore) discover
[0.291s] Level 1:colcon.colcon_core.package_discovery:discover_packages(ignore) using defaults
[0.291s] Level 1:colcon.colcon_core.package_discovery:discover_packages(path) discover
[0.291s] Level 1:colcon.colcon_core.package_discovery:discover_packages(path) using defaults
[0.315s] Level 1:colcon.colcon_core.package_discovery:discover_packages(prefix_path) check parameters
[0.316s] Level 1:colcon.colcon_core.package_discovery:discover_packages(prefix_path) discover
[0.320s] DEBUG:colcon.colcon_installed_package_information.package_discovery:Found 423 installed packages in /opt/ros/humble
[0.321s] Level 1:colcon.colcon_core.package_discovery:discover_packages(prefix_path) using defaults
[0.386s] Level 5:colcon.colcon_core.verb:set package 'ar_interface' build argument 'bazel_args' from command line to 'None'
[0.386s] Level 5:colcon.colcon_core.verb:set package 'ar_interface' build argument 'bazel_task' from command line to 'None'
[0.386s] Level 5:colcon.colcon_core.verb:set package 'ar_interface' build argument 'cmake_args' from command line to 'None'
[0.386s] Level 5:colcon.colcon_core.verb:set package 'ar_interface' build argument 'cmake_target' from command line to 'None'
[0.386s] Level 5:colcon.colcon_core.verb:set package 'ar_interface' build argument 'cmake_target_skip_unavailable' from command line to 'False'
[0.386s] Level 5:colcon.colcon_core.verb:set package 'ar_interface' build argument 'cmake_clean_cache' from command line to 'False'
[0.386s] Level 5:colcon.colcon_core.verb:set package 'ar_interface' build argument 'cmake_clean_first' from command line to 'False'
[0.386s] Level 5:colcon.colcon_core.verb:set package 'ar_interface' build argument 'cmake_force_configure' from command line to 'False'
[0.386s] Level 5:colcon.colcon_core.verb:set package 'ar_interface' build argument 'ament_cmake_args' from command line to 'None'
[0.386s] Level 5:colcon.colcon_core.verb:set package 'ar_interface' build argument 'catkin_cmake_args' from command line to 'None'
[0.386s] Level 5:colcon.colcon_core.verb:set package 'ar_interface' build argument 'catkin_skip_building_tests' from command line to 'False'
[0.386s] DEBUG:colcon.colcon_core.verb:Building package 'ar_interface' with the following arguments: {'ament_cmake_args': None, 'bazel_args': None, 'bazel_task': None, 'build_base': '/home/ex22544/coursework/build/ar_interface', 'catkin_cmake_args': None, 'catkin_skip_building_tests': False, 'cmake_args': None, 'cmake_clean_cache': False, 'cmake_clean_first': False, 'cmake_force_configure': False, 'cmake_target': None, 'cmake_target_skip_unavailable': False, 'install_base': '/home/ex22544/coursework/install/ar_interface', 'merge_install': False, 'path': '/home/ex22544/coursework/src/ar_interface', 'symlink_install': False, 'test_result_base': None}
[0.387s] Level 5:colcon.colcon_core.verb:set package 'ar_test' build argument 'bazel_args' from command line to 'None'
[0.387s] Level 5:colcon.colcon_core.verb:set package 'ar_test' build argument 'bazel_task' from command line to 'None'
[0.387s] Level 5:colcon.colcon_core.verb:set package 'ar_test' build argument 'cmake_args' from command line to 'None'
[0.387s] Level 5:colcon.colcon_core.verb:set package 'ar_test' build argument 'cmake_target' from command line to 'None'
[0.387s] Level 5:colcon.colcon_core.verb:set package 'ar_test' build argument 'cmake_target_skip_unavailable' from command line to 'False'
[0.387s] Level 5:colcon.colcon_core.verb:set package 'ar_test' build argument 'cmake_clean_cache' from command line to 'False'
[0.387s] Level 5:colcon.colcon_core.verb:set package 'ar_test' build argument 'cmake_clean_first' from command line to 'False'
[0.387s] Level 5:colcon.colcon_core.verb:set package 'ar_test' build argument 'cmake_force_configure' from command line to 'False'
[0.387s] Level 5:colcon.colcon_core.verb:set package 'ar_test' build argument 'ament_cmake_args' from command line to 'None'
[0.387s] Level 5:colcon.colcon_core.verb:set package 'ar_test' build argument 'catkin_cmake_args' from command line to 'None'
[0.387s] Level 5:colcon.colcon_core.verb:set package 'ar_test' build argument 'catkin_skip_building_tests' from command line to 'False'
[0.387s] DEBUG:colcon.colcon_core.verb:Building package 'ar_test' with the following arguments: {'ament_cmake_args': None, 'bazel_args': None, 'bazel_task': None, 'build_base': '/home/ex22544/coursework/build/ar_test', 'catkin_cmake_args': None, 'catkin_skip_building_tests': False, 'cmake_args': None, 'cmake_clean_cache': False, 'cmake_clean_first': False, 'cmake_force_configure': False, 'cmake_target': None, 'cmake_target_skip_unavailable': False, 'install_base': '/home/ex22544/coursework/install/ar_test', 'merge_install': False, 'path': '/home/ex22544/coursework/src/ar_test', 'symlink_install': False, 'test_result_base': None}
[0.387s] INFO:colcon.colcon_core.executor:Executing jobs using 'parallel' executor
[0.388s] DEBUG:colcon.colcon_parallel_executor.executor.parallel:run_until_complete
[0.389s] INFO:colcon.colcon_ros.task.ament_cmake.build:Building ROS package in '/home/ex22544/coursework/src/ar_interface' with build type 'ament_cmake'
[0.389s] INFO:colcon.colcon_cmake.task.cmake.build:Building CMake package in '/home/ex22544/coursework/src/ar_interface'
[0.391s] INFO:colcon.colcon_core.plugin_system:Skipping extension 'colcon_core.shell.bat': Not used on non-Windows systems
[0.392s] DEBUG:colcon.colcon_ros_domain_id_coordinator.shell.ros_domain_id:Allocated ROS_DOMAIN_ID=80 for '/home/ex22544/coursework/build/ar_interface'
[0.392s] INFO:colcon.colcon_core.shell:Skip shell extension 'ros_domain_id' for command environment: 
[0.392s] INFO:colcon.colcon_core.shell:Skip shell extension 'powershell' for command environment: Not usable outside of PowerShell
[0.392s] DEBUG:colcon.colcon_core.shell:Skip shell extension 'dsv' for command environment
[0.460s] DEBUG:colcon.colcon_core.event_handler.log_command:Invoking command in '/home/ex22544/coursework/build/ar_interface': CMAKE_PREFIX_PATH=/opt/ros/humble /usr/bin/cmake --build /home/ex22544/coursework/build/ar_interface -- -j8 -l8
[1.986s] DEBUG:colcon.colcon_core.event_handler.log_command:Invoked command in '/home/ex22544/coursework/build/ar_interface' returned '0': CMAKE_PREFIX_PATH=/opt/ros/humble /usr/bin/cmake --build /home/ex22544/coursework/build/ar_interface -- -j8 -l8
[2.011s] DEBUG:colcon.colcon_core.event_handler.log_command:Invoking command in '/home/ex22544/coursework/build/ar_interface': CMAKE_PREFIX_PATH=/opt/ros/humble /usr/bin/cmake --install /home/ex22544/coursework/build/ar_interface
[4.452s] Level 1:colcon.colcon_core.environment:create_environment_scripts_only(ar_interface)
[4.452s] DEBUG:colcon.colcon_core.event_handler.log_command:Invoked command in '/home/ex22544/coursework/build/ar_interface' returned '0': CMAKE_PREFIX_PATH=/opt/ros/humble /usr/bin/cmake --install /home/ex22544/coursework/build/ar_interface
[4.455s] Level 1:colcon.colcon_core.environment:checking '/home/ex22544/coursework/install/ar_interface' for CMake module files
[4.464s] Level 1:colcon.colcon_core.environment:checking '/home/ex22544/coursework/install/ar_interface' for CMake config files
[4.482s] Level 1:colcon.colcon_core.shell:create_environment_hook('ar_interface', 'cmake_prefix_path')
[4.482s] INFO:colcon.colcon_core.shell:Creating environment hook '/home/ex22544/coursework/install/ar_interface/share/ar_interface/hook/cmake_prefix_path.ps1'
[4.487s] INFO:colcon.colcon_core.shell:Creating environment descriptor '/home/ex22544/coursework/install/ar_interface/share/ar_interface/hook/cmake_prefix_path.dsv'
[4.493s] INFO:colcon.colcon_core.shell:Creating environment hook '/home/ex22544/coursework/install/ar_interface/share/ar_interface/hook/cmake_prefix_path.sh'
[4.499s] Level 1:colcon.colcon_core.environment:checking '/home/ex22544/coursework/install/ar_interface/lib'
[4.501s] Level 1:colcon.colcon_core.shell:create_environment_hook('ar_interface', 'ld_library_path_lib')
[4.501s] INFO:colcon.colcon_core.shell:Creating environment hook '/home/ex22544/coursework/install/ar_interface/share/ar_interface/hook/ld_library_path_lib.ps1'
[4.506s] INFO:colcon.colcon_core.shell:Creating environment descriptor '/home/ex22544/coursework/install/ar_interface/share/ar_interface/hook/ld_library_path_lib.dsv'
[4.510s] INFO:colcon.colcon_core.shell:Creating environment hook '/home/ex22544/coursework/install/ar_interface/share/ar_interface/hook/ld_library_path_lib.sh'
[4.515s] Level 1:colcon.colcon_core.environment:checking '/home/ex22544/coursework/install/ar_interface/bin'
[4.516s] Level 1:colcon.colcon_core.environment:checking '/home/ex22544/coursework/install/ar_interface/lib/pkgconfig/ar_interface.pc'
[4.517s] Level 1:colcon.colcon_core.environment:checking '/home/ex22544/coursework/install/ar_interface/lib/python3.10/site-packages'
[4.518s] Level 1:colcon.colcon_core.environment:checking '/home/ex22544/coursework/install/ar_interface/bin'
[4.519s] INFO:colcon.colcon_core.shell:Creating package script '/home/ex22544/coursework/install/ar_interface/share/ar_interface/package.ps1'
[4.524s] INFO:colcon.colcon_core.shell:Creating package descriptor '/home/ex22544/coursework/install/ar_interface/share/ar_interface/package.dsv'
[4.528s] INFO:colcon.colcon_core.shell:Creating package script '/home/ex22544/coursework/install/ar_interface/share/ar_interface/package.sh'
[4.535s] INFO:colcon.colcon_core.shell:Creating package script '/home/ex22544/coursework/install/ar_interface/share/ar_interface/package.bash'
[4.540s] INFO:colcon.colcon_core.shell:Creating package script '/home/ex22544/coursework/install/ar_interface/share/ar_interface/package.zsh'
[4.546s] Level 1:colcon.colcon_core.environment:create_file_with_runtime_dependencies(/home/ex22544/coursework/install/ar_interface/share/colcon-core/packages/ar_interface)
[4.558s] Level 1:colcon.colcon_core.environment:create_environment_scripts_only(ar_interface)
[4.558s] Level 1:colcon.colcon_core.environment:checking '/home/ex22544/coursework/install/ar_interface' for CMake module files
[4.561s] Level 1:colcon.colcon_core.environment:checking '/home/ex22544/coursework/install/ar_interface' for CMake config files
[4.573s] Level 1:colcon.colcon_core.shell:create_environment_hook('ar_interface', 'cmake_prefix_path')
[4.574s] INFO:colcon.colcon_core.shell:Creating environment hook '/home/ex22544/coursework/install/ar_interface/share/ar_interface/hook/cmake_prefix_path.ps1'
[4.580s] INFO:colcon.colcon_core.shell:Creating environment descriptor '/home/ex22544/coursework/install/ar_interface/share/ar_interface/hook/cmake_prefix_path.dsv'
[4.586s] INFO:colcon.colcon_core.shell:Creating environment hook '/home/ex22544/coursework/install/ar_interface/share/ar_interface/hook/cmake_prefix_path.sh'
[4.593s] Level 1:colcon.colcon_core.environment:checking '/home/ex22544/coursework/install/ar_interface/lib'
[4.594s] Level 1:colcon.colcon_core.shell:create_environment_hook('ar_interface', 'ld_library_path_lib')
[4.595s] INFO:colcon.colcon_core.shell:Creating environment hook '/home/ex22544/coursework/install/ar_interface/share/ar_interface/hook/ld_library_path_lib.ps1'
[4.601s] INFO:colcon.colcon_core.shell:Creating environment descriptor '/home/ex22544/coursework/install/ar_interface/share/ar_interface/hook/ld_library_path_lib.dsv'
[4.606s] INFO:colcon.colcon_core.shell:Creating environment hook '/home/ex22544/coursework/install/ar_interface/share/ar_interface/hook/ld_library_path_lib.sh'
[4.613s] Level 1:colcon.colcon_core.environment:checking '/home/ex22544/coursework/install/ar_interface/bin'
[4.613s] Level 1:colcon.colcon_core.environment:checking '/home/ex22544/coursework/install/ar_interface/lib/pkgconfig/ar_interface.pc'
[4.614s] Level 1:colcon.colcon_core.environment:checking '/home/ex22544/coursework/install/ar_interface/lib/python3.10/site-packages'
[4.614s] Level 1:colcon.colcon_core.environment:checking '/home/ex22544/coursework/install/ar_interface/bin'
[4.615s] INFO:colcon.colcon_core.shell:Creating package script '/home/ex22544/coursework/install/ar_interface/share/ar_interface/package.ps1'
[4.620s] INFO:colcon.colcon_core.shell:Creating package descriptor '/home/ex22544/coursework/install/ar_interface/share/ar_interface/package.dsv'
[4.625s] INFO:colcon.colcon_core.shell:Creating package script '/home/ex22544/coursework/install/ar_interface/share/ar_interface/package.sh'
[4.630s] INFO:colcon.colcon_core.shell:Creating package script '/home/ex22544/coursework/install/ar_interface/share/ar_interface/package.bash'
[4.636s] INFO:colcon.colcon_core.shell:Creating package script '/home/ex22544/coursework/install/ar_interface/share/ar_interface/package.zsh'
[4.642s] Level 1:colcon.colcon_core.environment:create_file_with_runtime_dependencies(/home/ex22544/coursework/install/ar_interface/share/colcon-core/packages/ar_interface)
[4.648s] INFO:colcon.colcon_ros.task.ament_python.build:Building ROS package in '/home/ex22544/coursework/src/ar_test' with build type 'ament_python'
[4.648s] Level 1:colcon.colcon_core.shell:create_environment_hook('ar_test', 'ament_prefix_path')
[4.648s] INFO:colcon.colcon_core.shell:Creating environment hook '/home/ex22544/coursework/install/ar_test/share/ar_test/hook/ament_prefix_path.ps1'
[4.649s] DEBUG:colcon.colcon_ros_domain_id_coordinator.shell.ros_domain_id:Released ROS_DOMAIN_ID=80 for '/home/ex22544/coursework/build/ar_interface'
[4.659s] INFO:colcon.colcon_core.shell:Creating environment descriptor '/home/ex22544/coursework/install/ar_test/share/ar_test/hook/ament_prefix_path.dsv'
[4.666s] INFO:colcon.colcon_core.shell:Creating environment hook '/home/ex22544/coursework/install/ar_test/share/ar_test/hook/ament_prefix_path.sh'
[4.672s] DEBUG:colcon.colcon_ros_domain_id_coordinator.shell.ros_domain_id:Allocated ROS_DOMAIN_ID=58 for '/home/ex22544/coursework/build/ar_test'
[4.672s] INFO:colcon.colcon_core.shell:Skip shell extension 'ros_domain_id' for command environment: 
[4.672s] INFO:colcon.colcon_core.shell:Skip shell extension 'powershell' for command environment: Not usable outside of PowerShell
[4.672s] DEBUG:colcon.colcon_core.shell:Skip shell extension 'dsv' for command environment
[5.118s] INFO:colcon.colcon_core.task.python.build:Building Python package in '/home/ex22544/coursework/src/ar_test'
[5.118s] DEBUG:colcon.colcon_ros_domain_id_coordinator.shell.ros_domain_id:Allocated ROS_DOMAIN_ID=58 for '/home/ex22544/coursework/build/ar_test'
[5.118s] INFO:colcon.colcon_core.shell:Skip shell extension 'ros_domain_id' for command environment: 
[5.118s] INFO:colcon.colcon_core.shell:Skip shell extension 'powershell' for command environment: Not usable outside of PowerShell
[5.118s] DEBUG:colcon.colcon_core.shell:Skip shell extension 'dsv' for command environment
[6.411s] DEBUG:colcon.colcon_core.event_handler.log_command:Invoking command in '/home/ex22544/coursework/src/ar_test': AMENT_PREFIX_PATH=/home/ex22544/coursework/install/ar_interface:${AMENT_PREFIX_PATH} CMAKE_PREFIX_PATH=/home/ex22544/coursework/install/ar_interface LD_LIBRARY_PATH=/home/ex22544/coursework/install/ar_interface/lib:${LD_LIBRARY_PATH} PYTHONPATH=/home/ex22544/coursework/build/ar_test/prefix_override:/usr/lib/python3/dist-packages/colcon_core/task/python/colcon_distutils_commands:/home/ex22544/coursework/install/ar_test/lib/python3.10/site-packages:/home/ex22544/coursework/install/ar_interface/local/lib/python3.10/dist-packages:${PYTHONPATH} /usr/bin/python3 -W ignore:setup.py install is deprecated -W ignore:easy_install command is deprecated setup.py egg_info --egg-base ../../build/ar_test build --build-base /home/ex22544/coursework/build/ar_test/build install --record /home/ex22544/coursework/build/ar_test/install.log --single-version-externally-managed install_data
[7.811s] Level 1:colcon.colcon_core.environment:checking '/home/ex22544/coursework/install/ar_test' for CMake module files
[7.811s] DEBUG:colcon.colcon_core.event_handler.log_command:Invoked command in '/home/ex22544/coursework/src/ar_test' returned '0': AMENT_PREFIX_PATH=/home/ex22544/coursework/install/ar_interface:${AMENT_PREFIX_PATH} CMAKE_PREFIX_PATH=/home/ex22544/coursework/install/ar_interface LD_LIBRARY_PATH=/home/ex22544/coursework/install/ar_interface/lib:${LD_LIBRARY_PATH} PYTHONPATH=/home/ex22544/coursework/build/ar_test/prefix_override:/usr/lib/python3/dist-packages/colcon_core/task/python/colcon_distutils_commands:/home/ex22544/coursework/install/ar_test/lib/python3.10/site-packages:/home/ex22544/coursework/install/ar_interface/local/lib/python3.10/dist-packages:${PYTHONPATH} /usr/bin/python3 -W ignore:setup.py install is deprecated -W ignore:easy_install command is deprecated setup.py egg_info --egg-base ../../build/ar_test build --build-base /home/ex22544/coursework/build/ar_test/build install --record /home/ex22544/coursework/build/ar_test/install.log --single-version-externally-managed install_data
[7.821s] Level 1:colcon.colcon_core.environment:checking '/home/ex22544/coursework/install/ar_test' for CMake config files
[7.842s] Level 1:colcon.colcon_core.environment:checking '/home/ex22544/coursework/install/ar_test/lib'
[7.843s] Level 1:colcon.colcon_core.environment:checking '/home/ex22544/coursework/install/ar_test/bin'
[7.844s] Level 1:colcon.colcon_core.environment:checking '/home/ex22544/coursework/install/ar_test/lib/pkgconfig/ar_test.pc'
[7.845s] Level 1:colcon.colcon_core.environment:checking '/home/ex22544/coursework/install/ar_test/lib/python3.10/site-packages'
[7.845s] Level 1:colcon.colcon_core.shell:create_environment_hook('ar_test', 'pythonpath')
[7.845s] INFO:colcon.colcon_core.shell:Creating environment hook '/home/ex22544/coursework/install/ar_test/share/ar_test/hook/pythonpath.ps1'
[7.850s] INFO:colcon.colcon_core.shell:Creating environment descriptor '/home/ex22544/coursework/install/ar_test/share/ar_test/hook/pythonpath.dsv'
[7.855s] INFO:colcon.colcon_core.shell:Creating environment hook '/home/ex22544/coursework/install/ar_test/share/ar_test/hook/pythonpath.sh'
[7.861s] Level 1:colcon.colcon_core.environment:checking '/home/ex22544/coursework/install/ar_test/bin'
[7.861s] Level 1:colcon.colcon_core.environment:create_environment_scripts_only(ar_test)
[7.863s] INFO:colcon.colcon_core.shell:Creating package script '/home/ex22544/coursework/install/ar_test/share/ar_test/package.ps1'
[7.869s] INFO:colcon.colcon_core.shell:Creating package descriptor '/home/ex22544/coursework/install/ar_test/share/ar_test/package.dsv'
[7.875s] INFO:colcon.colcon_core.shell:Creating package script '/home/ex22544/coursework/install/ar_test/share/ar_test/package.sh'
[7.881s] INFO:colcon.colcon_core.shell:Creating package script '/home/ex22544/coursework/install/ar_test/share/ar_test/package.bash'
[7.888s] INFO:colcon.colcon_core.shell:Creating package script '/home/ex22544/coursework/install/ar_test/share/ar_test/package.zsh'
[7.893s] Level 1:colcon.colcon_core.environment:create_file_with_runtime_dependencies(/home/ex22544/coursework/install/ar_test/share/colcon-core/packages/ar_test)
[7.902s] DEBUG:colcon.colcon_ros_domain_id_coordinator.shell.ros_domain_id:Released ROS_DOMAIN_ID=58 for '/home/ex22544/coursework/build/ar_test'
[7.903s] DEBUG:colcon.colcon_parallel_executor.executor.parallel:closing loop
[7.903s] DEBUG:colcon.colcon_parallel_executor.executor.parallel:loop closed
[7.903s] DEBUG:colcon.colcon_parallel_executor.executor.parallel:run_until_complete finished with '0'
[7.903s] DEBUG:colcon.colcon_core.event_reactor:joining thread
[7.924s] INFO:colcon.colcon_core.plugin_system:Skipping extension 'colcon_notification.desktop_notification.terminal_notifier': Not used on non-Darwin systems
[7.924s] INFO:colcon.colcon_core.plugin_system:Skipping extension 'colcon_notification.desktop_notification.win32': Not used on non-Windows systems
[7.924s] INFO:colcon.colcon_notification.desktop_notification:Sending desktop notification using 'notify2'
[7.963s] DEBUG:colcon.colcon_core.event_reactor:joined thread
[7.964s] INFO:colcon.colcon_core.shell:Creating prefix script '/home/ex22544/coursework/install/local_setup.ps1'
[7.969s] INFO:colcon.colcon_core.shell:Creating prefix util module '/home/ex22544/coursework/install/_local_setup_util_ps1.py'
[7.975s] INFO:colcon.colcon_core.shell:Creating prefix chain script '/home/ex22544/coursework/install/setup.ps1'
[7.983s] INFO:colcon.colcon_core.shell:Creating prefix script '/home/ex22544/coursework/install/local_setup.sh'
[7.989s] INFO:colcon.colcon_core.shell:Creating prefix util module '/home/ex22544/coursework/install/_local_setup_util_sh.py'
[7.994s] INFO:colcon.colcon_core.shell:Creating prefix chain script '/home/ex22544/coursework/install/setup.sh'
[8.001s] INFO:colcon.colcon_core.shell:Creating prefix script '/home/ex22544/coursework/install/local_setup.bash'
[8.007s] INFO:colcon.colcon_core.shell:Creating prefix chain script '/home/ex22544/coursework/install/setup.bash'
[8.013s] INFO:colcon.colcon_core.shell:Creating prefix script '/home/ex22544/coursework/install/local_setup.zsh'
[8.019s] INFO:colcon.colcon_core.shell:Creating prefix chain script '/home/ex22544/coursework/install/setup.zsh'
[8.025s] INFO:colcon.colcon_core.shell:Creating '/home/ex22544/coursework/install/spawn_shell.bash'
